2025-10-31 07:25:17.894 [info] Reading sessions from keychain...
2025-10-31 07:25:17.894 [info] Got stored sessions!
2025-10-31 07:25:17.894 [info] Got 1 verified sessions.
2025-10-31 07:25:17.894 [info] Getting sessions for all scopes...
2025-10-31 07:25:17.894 [info] Got 1 sessions for ...
2025-10-31 07:25:17.894 [info] Getting sessions for all scopes...
2025-10-31 07:25:17.894 [info] Got 1 sessions for ...
2025-10-31 07:25:17.894 [info] Getting sessions for all scopes...
2025-10-31 07:25:17.894 [info] Got 1 sessions for ...
2025-10-31 07:25:17.894 [info] Getting sessions for all scopes...
2025-10-31 07:25:17.894 [info] Got 1 sessions for ...
2025-10-31 07:25:17.894 [info] Getting sessions for all scopes...
2025-10-31 07:25:17.894 [info] Got 1 sessions for ...
2025-10-31 07:25:17.894 [info] Getting sessions for all scopes...
2025-10-31 07:25:17.894 [info] Got 1 sessions for ...
2025-10-31 07:25:17.894 [info] Getting sessions for all scopes...
2025-10-31 07:25:17.894 [info] Got 1 sessions for ...
2025-10-31 07:25:17.894 [info] Getting sessions for all scopes...
2025-10-31 07:25:17.894 [info] Got 1 sessions for ...
2025-10-31 07:25:17.894 [info] Getting sessions for all scopes...
2025-10-31 07:25:17.894 [info] Got 1 sessions for ...
2025-10-31 07:25:17.894 [info] Getting sessions for all scopes...
2025-10-31 07:25:17.894 [info] Got 1 sessions for ...
2025-10-31 07:25:17.894 [info] Getting sessions for all scopes...
2025-10-31 07:25:17.894 [info] Got 1 sessions for ...
2025-10-31 07:25:17.894 [info] Getting sessions for all scopes...
2025-10-31 07:25:17.894 [info] Got 1 sessions for ...
2025-10-31 07:25:17.894 [info] Getting sessions for all scopes...
2025-10-31 07:25:17.894 [info] Got 1 sessions for ...
2025-10-31 07:25:17.894 [info] Getting sessions for all scopes...
2025-10-31 07:25:17.894 [info] Got 1 sessions for ...
2025-10-31 07:25:17.894 [info] Getting sessions for all scopes...
2025-10-31 07:25:17.894 [info] Got 1 sessions for ...
2025-10-31 07:25:17.894 [info] Getting sessions for all scopes...
2025-10-31 07:25:17.894 [info] Got 1 sessions for ...
2025-10-31 07:25:20.599 [info] Getting sessions for all scopes...
2025-10-31 07:25:20.599 [info] Got 1 sessions for ...
2025-10-31 07:25:20.600 [info] Getting sessions for all scopes...
2025-10-31 07:25:20.600 [info] Got 1 sessions for ...
2025-10-31 07:25:20.600 [info] Getting sessions for all scopes...
2025-10-31 07:25:20.600 [info] Got 1 sessions for ...
2025-10-31 07:25:22.017 [info] Reading sessions from keychain...
2025-10-31 07:25:22.017 [info] Got stored sessions!
2025-10-31 07:25:22.017 [info] Got 1 verified sessions.
2025-10-31 07:25:22.017 [info] Getting sessions for all scopes...
2025-10-31 07:25:22.017 [info] Got 1 sessions for ...
2025-10-31 07:25:22.017 [info] Getting sessions for all scopes...
2025-10-31 07:25:22.017 [info] Got 1 sessions for ...
2025-10-31 07:25:22.017 [info] Getting sessions for all scopes...
2025-10-31 07:25:22.017 [info] Got 1 sessions for ...
2025-10-31 07:25:22.017 [info] Getting sessions for all scopes...
2025-10-31 07:25:22.017 [info] Got 1 sessions for ...
2025-10-31 07:25:22.017 [info] Getting sessions for all scopes...
2025-10-31 07:25:22.017 [info] Got 1 sessions for ...
2025-10-31 07:25:22.017 [info] Getting sessions for all scopes...
2025-10-31 07:25:22.017 [info] Got 1 sessions for ...
2025-10-31 07:25:22.017 [info] Getting sessions for all scopes...
2025-10-31 07:25:22.017 [info] Got 1 sessions for ...
2025-10-31 07:25:22.017 [info] Getting sessions for all scopes...
2025-10-31 07:25:22.017 [info] Got 1 sessions for ...
2025-10-31 07:25:22.017 [info] Getting sessions for all scopes...
2025-10-31 07:25:22.017 [info] Got 1 sessions for ...
2025-10-31 07:25:22.017 [info] Getting sessions for all scopes...
2025-10-31 07:25:22.017 [info] Got 1 sessions for ...
2025-10-31 07:25:22.017 [info] Getting sessions for all scopes...
2025-10-31 07:25:22.017 [info] Got 1 sessions for ...
2025-10-31 07:25:22.017 [info] Getting sessions for all scopes...
2025-10-31 07:25:22.017 [info] Got 1 sessions for ...
2025-10-31 07:25:22.017 [info] Getting sessions for all scopes...
2025-10-31 07:25:22.017 [info] Got 1 sessions for ...
2025-10-31 07:25:22.017 [info] Getting sessions for all scopes...
2025-10-31 07:25:22.017 [info] Got 1 sessions for ...
2025-10-31 07:25:22.017 [info] Getting sessions for all scopes...
2025-10-31 07:25:22.017 [info] Got 1 sessions for ...
2025-10-31 07:25:22.451 [info] Getting sessions for all scopes...
2025-10-31 07:25:22.451 [info] Got 1 sessions for ...
2025-10-31 07:25:25.361 [info] Getting sessions for all scopes...
2025-10-31 07:25:25.361 [info] Got 1 sessions for ...
2025-10-31 07:25:25.419 [info] Getting sessions for all scopes...
2025-10-31 07:25:25.419 [info] Got 1 sessions for ...
2025-10-31 07:25:25.420 [info] Getting sessions for all scopes...
2025-10-31 07:25:25.420 [info] Got 1 sessions for ...
2025-10-31 07:25:25.420 [info] Getting sessions for all scopes...
2025-10-31 07:25:25.421 [info] Got 1 sessions for ...
2025-10-31 07:25:25.496 [info] Getting sessions for all scopes...
2025-10-31 07:25:25.496 [info] Got 1 sessions for ...
2025-10-31 07:25:25.496 [info] Getting sessions for all scopes...
2025-10-31 07:25:25.496 [info] Got 1 sessions for ...
2025-10-31 07:25:26.111 [info] Getting sessions for read:user,repo,user:email,workflow...
2025-10-31 07:25:26.111 [info] Got 0 sessions for read:user,repo,user:email,workflow...
2025-10-31 07:25:26.113 [info] Getting sessions for all scopes...
2025-10-31 07:25:26.113 [info] Got 1 sessions for ...
2025-10-31 07:25:26.115 [info] Getting sessions for all scopes...
2025-10-31 07:25:26.115 [info] Got 1 sessions for ...
2025-10-31 07:25:26.116 [info] Getting sessions for read:user,repo,user:email,workflow...
2025-10-31 07:25:26.116 [info] Got 0 sessions for read:user,repo,user:email,workflow...
2025-10-31 07:25:26.123 [info] Getting sessions for user:email...
2025-10-31 07:25:26.123 [info] Got 1 sessions for user:email...
2025-10-31 07:25:26.123 [info] Getting sessions for read:user,repo,user:email,workflow...
2025-10-31 07:25:26.123 [info] Got 0 sessions for read:user,repo,user:email,workflow...
2025-10-31 07:25:26.125 [info] Getting sessions for read:user...
2025-10-31 07:25:26.125 [info] Got 0 sessions for read:user...
2025-10-31 07:25:26.128 [info] Getting sessions for all scopes...
2025-10-31 07:25:26.128 [info] Got 1 sessions for ...
2025-10-31 07:25:26.131 [info] Getting sessions for user:email...
2025-10-31 07:25:26.131 [info] Got 1 sessions for user:email...
2025-10-31 07:25:26.142 [info] Getting sessions for all scopes...
2025-10-31 07:25:26.142 [info] Got 1 sessions for ...
2025-10-31 07:25:26.327 [info] Getting sessions for read:user,repo,user:email,workflow...
2025-10-31 07:25:26.327 [info] Got 0 sessions for read:user,repo,user:email,workflow...
2025-10-31 07:25:26.339 [info] Getting sessions for user:email...
2025-10-31 07:25:26.339 [info] Got 1 sessions for user:email...
2025-10-31 07:25:26.396 [info] FetcherService: Electron fetch failed with status: 429 
2025-10-31 07:25:26.802 [info] Getting sessions for all scopes...
2025-10-31 07:25:26.802 [info] Got 1 sessions for ...
2025-10-31 07:25:26.802 [info] Getting sessions for all scopes...
2025-10-31 07:25:26.802 [info] Got 1 sessions for ...
2025-10-31 07:25:26.819 [info] Getting sessions for read:user,repo,user:email,workflow...
2025-10-31 07:25:26.819 [info] Got 0 sessions for read:user,repo,user:email,workflow...
2025-10-31 07:25:26.820 [info] Getting sessions for user:email...
2025-10-31 07:25:26.820 [info] Got 1 sessions for user:email...
2025-10-31 07:25:26.821 [info] Getting sessions for read:user,repo,user:email,workflow...
2025-10-31 07:25:26.821 [info] Got 0 sessions for read:user,repo,user:email,workflow...
2025-10-31 07:25:27.452 [info] FetcherService: Node fetch failed with status: 429 Too Many Requests
2025-10-31 07:25:28.427 [info] FetcherService: Node http/s failed with status: 429 Too Many Requests
2025-10-31 07:25:33.504 [info] Getting sessions for all scopes...
2025-10-31 07:25:33.504 [info] Got 1 sessions for ...
2025-10-31 07:25:33.505 [info] Getting sessions for all scopes...
2025-10-31 07:25:33.505 [info] Got 1 sessions for ...
2025-10-31 07:25:33.511 [info] Getting sessions for read:user,repo,user:email,workflow...
2025-10-31 07:25:33.511 [info] Got 0 sessions for read:user,repo,user:email,workflow...
2025-10-31 07:25:33.512 [info] Getting sessions for user:email...
2025-10-31 07:25:33.512 [info] Got 1 sessions for user:email...
2025-10-31 07:25:33.512 [info] Getting sessions for read:user,repo,user:email,workflow...
2025-10-31 07:25:33.512 [info] Got 0 sessions for read:user,repo,user:email,workflow...
2025-10-31 07:25:33.514 [info] Getting sessions for all scopes...
2025-10-31 07:25:33.514 [info] Got 1 sessions for ...
2025-10-31 07:25:33.515 [info] Getting sessions for read:user,repo,user:email,workflow...
2025-10-31 07:25:33.516 [info] Got 0 sessions for read:user,repo,user:email,workflow...
2025-10-31 07:25:33.516 [info] Getting sessions for user:email...
2025-10-31 07:25:33.516 [info] Got 1 sessions for user:email...
2025-10-31 07:25:35.139 [info] Getting sessions for all scopes...
2025-10-31 07:25:35.139 [info] Got 1 sessions for ...
