2025-10-30 19:02:57.462 [info] [aebc6443-996d-45c2-90f0-388ff96faa56] Native Broker is only available on Windows and macOS
2025-10-30 19:02:57.471 [info] [getSessions] [all] starting
2025-10-30 19:02:57.471 [info] [getSessions] [all] returned 0 session(s)
2025-10-30 19:02:57.471 [info] [getSessions] [all] starting
2025-10-30 19:02:57.471 [info] [getSessions] [all] returned 0 session(s)
2025-10-30 19:02:57.471 [info] [getSessions] [all] starting
2025-10-30 19:02:57.471 [info] [getSessions] [all] returned 0 session(s)
2025-10-30 19:02:57.471 [info] [getSessions] [all] starting
2025-10-30 19:02:57.471 [info] [getSessions] [all] returned 0 session(s)
2025-10-30 19:02:57.474 [info] [getSessions] [499b84ac-1321-427f-aa17-267ca6975798/.default offline_access] starting
2025-10-30 19:02:57.474 [info] [aebc6443-996d-45c2-90f0-388ff96faa56] Native Broker is only available on Windows and macOS
2025-10-30 19:02:57.482 [info] [getSessions] [499b84ac-1321-427f-aa17-267ca6975798/.default offline_access] returned 0 session(s)
2025-10-30 19:02:58.153 [info] [getSessions] [499b84ac-1321-427f-aa17-267ca6975798/.default offline_access] starting
2025-10-30 19:02:58.153 [info] [getSessions] [499b84ac-1321-427f-aa17-267ca6975798/.default offline_access] returned 0 session(s)
2025-10-30 19:02:59.974 [info] [getSessions] [all] starting
2025-10-30 19:02:59.974 [info] [getSessions] [all] returned 0 session(s)
2025-10-30 19:03:21.306 [info] [aebc6443-996d-45c2-90f0-388ff96faa56] Native Broker is only available on Windows and macOS
2025-10-30 19:03:21.547 [info] [getSessions] [all] starting
2025-10-30 19:03:21.547 [info] [getSessions] [all] returned 0 session(s)
2025-10-30 19:03:21.547 [info] [getSessions] [all] starting
2025-10-30 19:03:21.547 [info] [getSessions] [all] returned 0 session(s)
2025-10-30 19:03:21.547 [info] [getSessions] [all] starting
2025-10-30 19:03:21.547 [info] [getSessions] [all] returned 0 session(s)
2025-10-30 19:03:21.547 [info] [getSessions] [all] starting
2025-10-30 19:03:21.547 [info] [getSessions] [all] returned 0 session(s)
2025-10-30 19:03:21.566 [info] [getSessions] [499b84ac-1321-427f-aa17-267ca6975798/.default offline_access] starting
2025-10-30 19:03:21.566 [info] [aebc6443-996d-45c2-90f0-388ff96faa56] Native Broker is only available on Windows and macOS
2025-10-30 19:03:21.586 [info] [getSessions] [499b84ac-1321-427f-aa17-267ca6975798/.default offline_access] returned 0 session(s)
2025-10-30 19:03:22.212 [info] [getSessions] [499b84ac-1321-427f-aa17-267ca6975798/.default offline_access] starting
2025-10-30 19:03:22.212 [info] [getSessions] [499b84ac-1321-427f-aa17-267ca6975798/.default offline_access] returned 0 session(s)
2025-10-30 19:03:31.772 [info] [getSessions] [all] starting
2025-10-30 19:03:31.772 [info] [getSessions] [all] returned 0 session(s)
2025-10-30 19:28:40.322 [info] [getSessions] [499b84ac-1321-427f-aa17-267ca6975798/.default offline_access] starting
2025-10-30 19:28:40.322 [info] [getSessions] [499b84ac-1321-427f-aa17-267ca6975798/.default offline_access] returned 0 session(s)
