[Info  - 7:55:24 PM] 2025/10/28 19:55:24 Created View (#1)
	directory=/home/mayur/Documents/IITB/DECS/project/kv_load_tester
	view_type="GoMod"
	root_dir="file:///home/mayur/Documents/IITB/DECS/project/kv_load_tester"
	go_version="go version go1.24.9 linux/amd64"
	build_flags=[]
	env={GOOS:linux GOARCH:amd64 GOCACHE:/home/mayur/.cache/go-build GOMODCACHE:/home/mayur/go/pkg/mod GOPATH:/home/mayur/go GOPRIVATE: GOFLAGS: GO111MODULE: GOTOOLCHAIN:local GOROOT:/usr/lib/golang GoVersion:24 GoVersionOutput:go version go1.24.9 linux/amd64
 ExplicitGOWORK: EffectiveGOPACKAGESDRIVER:}
	env_overlay=[]

[Info  - 7:55:24 PM] 2025/10/28 19:55:24 go/packages.Load #1
	view_id="1"
	snapshot=0
	directory=/home/mayur/Documents/IITB/DECS/project/kv_load_tester
	query=[/home/mayur/Documents/IITB/DECS/project/kv_load_tester/... builtin]
	packages=3
	duration=147.599389ms

[Info  - 7:55:54 PM] 2025/10/28 19:55:54 background imports cache refresh starting

[Info  - 7:55:54 PM] 2025/10/28 19:55:54 background refresh finished after 88.136289ms

[Info  - 8:08:30 PM] 2025/10/28 20:08:30 background imports cache refresh starting

[Info  - 8:08:30 PM] 2025/10/28 20:08:30 background refresh finished after 25.362237ms

[Info  - 8:08:36 PM] 2025/10/28 20:08:36 go/packages.Load #2
	view_id="1"
	snapshot=22
	directory=/home/mayur/Documents/IITB/DECS/project/kv_load_tester
	query=[file=/home/mayur/Documents/IITB/DECS/project/kv_load_tester/db.go]
	packages=1
	duration=116.82548ms

[Info  - 8:08:37 PM] 2025/10/28 20:08:37 go/packages.Load #3
	view_id="1"
	snapshot=25
	directory=/home/mayur/Documents/IITB/DECS/project/kv_load_tester
	query=[file=/home/mayur/Documents/IITB/DECS/project/kv_load_tester/db.go]
	packages=1
	duration=136.35176ms

[Error - 8:08:37 PM] 2025/10/28 20:08:37 imports fixes: allImportsFixes: /home/mayur/Documents/IITB/DECS/project/kv_load_tester/db.go:203:28: expected ';', found value (and 4 more errors)
	file="/home/mayur/Documents/IITB/DECS/project/kv_load_tester/db.go"

[Error - 8:08:37 PM] Request textDocument/formatting failed.
  Message: 203:28: expected ';', found value (and 4 more errors)
  Code: 0 
[Error - 8:08:38 PM] 2025/10/28 20:08:38 imports fixes: allImportsFixes: /home/mayur/Documents/IITB/DECS/project/kv_load_tester/db.go:203:28: expected ';', found value (and 4 more errors)
	file="/home/mayur/Documents/IITB/DECS/project/kv_load_tester/db.go"

[Error - 8:08:38 PM] Request textDocument/formatting failed.
  Message: 203:28: expected ';', found value (and 4 more errors)
  Code: 0 
[Error - 8:08:38 PM] 2025/10/28 20:08:38 imports fixes: allImportsFixes: /home/mayur/Documents/IITB/DECS/project/kv_load_tester/db.go:203:28: expected ';', found value (and 4 more errors)
	file="/home/mayur/Documents/IITB/DECS/project/kv_load_tester/db.go"

[Error - 8:08:38 PM] Request textDocument/formatting failed.
  Message: 203:28: expected ';', found value (and 4 more errors)
  Code: 0 
[Error - 8:08:38 PM] 2025/10/28 20:08:38 imports fixes: allImportsFixes: /home/mayur/Documents/IITB/DECS/project/kv_load_tester/db.go:203:28: expected ';', found value (and 4 more errors)
	file="/home/mayur/Documents/IITB/DECS/project/kv_load_tester/db.go"

[Error - 8:08:38 PM] Request textDocument/formatting failed.
  Message: 203:28: expected ';', found value (and 4 more errors)
  Code: 0 
[Error - 8:08:38 PM] 2025/10/28 20:08:38 imports fixes: allImportsFixes: /home/mayur/Documents/IITB/DECS/project/kv_load_tester/db.go:203:28: expected ';', found value (and 4 more errors)
	file="/home/mayur/Documents/IITB/DECS/project/kv_load_tester/db.go"

[Error - 8:08:38 PM] Request textDocument/formatting failed.
  Message: 203:28: expected ';', found value (and 4 more errors)
  Code: 0 
[Error - 8:08:38 PM] 2025/10/28 20:08:38 imports fixes: allImportsFixes: /home/mayur/Documents/IITB/DECS/project/kv_load_tester/db.go:203:28: expected ';', found value (and 4 more errors)
	file="/home/mayur/Documents/IITB/DECS/project/kv_load_tester/db.go"

[Error - 8:08:38 PM] Request textDocument/formatting failed.
  Message: 203:28: expected ';', found value (and 4 more errors)
  Code: 0 
[Error - 8:08:38 PM] 2025/10/28 20:08:38 imports fixes: allImportsFixes: /home/mayur/Documents/IITB/DECS/project/kv_load_tester/db.go:203:28: expected ';', found value (and 4 more errors)
	file="/home/mayur/Documents/IITB/DECS/project/kv_load_tester/db.go"

[Error - 8:08:38 PM] Request textDocument/formatting failed.
  Message: 203:28: expected ';', found value (and 4 more errors)
  Code: 0 
[Error - 8:08:39 PM] 2025/10/28 20:08:39 imports fixes: allImportsFixes: /home/mayur/Documents/IITB/DECS/project/kv_load_tester/db.go:203:28: expected ';', found value (and 4 more errors)
	file="/home/mayur/Documents/IITB/DECS/project/kv_load_tester/db.go"

[Error - 8:08:39 PM] Request textDocument/formatting failed.
  Message: 203:28: expected ';', found value (and 4 more errors)
  Code: 0 
[Error - 8:08:41 PM] 2025/10/28 20:08:41 imports fixes: allImportsFixes: /home/mayur/Documents/IITB/DECS/project/kv_load_tester/db.go:203:28: expected ';', found value (and 4 more errors)
	file="/home/mayur/Documents/IITB/DECS/project/kv_load_tester/db.go"

[Error - 8:08:41 PM] Request textDocument/formatting failed.
  Message: 203:28: expected ';', found value (and 4 more errors)
  Code: 0 
[Error - 8:08:43 PM] 2025/10/28 20:08:43 imports fixes: allImportsFixes: /home/mayur/Documents/IITB/DECS/project/kv_load_tester/db.go:203:28: expected ';', found value (and 4 more errors)
	file="/home/mayur/Documents/IITB/DECS/project/kv_load_tester/db.go"

[Error - 8:08:44 PM] 2025/10/28 20:08:44 imports fixes: allImportsFixes: /home/mayur/Documents/IITB/DECS/project/kv_load_tester/db.go:203:28: expected ';', found value (and 4 more errors)
	file="/home/mayur/Documents/IITB/DECS/project/kv_load_tester/db.go"

[Error - 8:08:45 PM] 2025/10/28 20:08:45 imports fixes: allImportsFixes: /home/mayur/Documents/IITB/DECS/project/kv_load_tester/db.go:203:28: expected ';', found value (and 4 more errors)
	file="/home/mayur/Documents/IITB/DECS/project/kv_load_tester/db.go"

[Error - 8:08:46 PM] 2025/10/28 20:08:46 imports fixes: allImportsFixes: /home/mayur/Documents/IITB/DECS/project/kv_load_tester/db.go:203:28: expected ';', found value (and 4 more errors)
	file="/home/mayur/Documents/IITB/DECS/project/kv_load_tester/db.go"

[Error - 8:08:52 PM] 2025/10/28 20:08:52 imports fixes: allImportsFixes: /home/mayur/Documents/IITB/DECS/project/kv_load_tester/db.go:203:28: expected ';', found value (and 4 more errors)
	file="/home/mayur/Documents/IITB/DECS/project/kv_load_tester/db.go"

[Error - 8:09:04 PM] 2025/10/28 20:09:04 imports fixes: allImportsFixes: /home/mayur/Documents/IITB/DECS/project/kv_load_tester/db.go:203:28: expected ';', found value (and 4 more errors)
	file="/home/mayur/Documents/IITB/DECS/project/kv_load_tester/db.go"

[Error - 8:09:06 PM] 2025/10/28 20:09:06 imports fixes: allImportsFixes: /home/mayur/Documents/IITB/DECS/project/kv_load_tester/db.go:203:50: expected ';', found key (and 1 more errors)
	file="/home/mayur/Documents/IITB/DECS/project/kv_load_tester/db.go"

[Error - 8:09:06 PM] Request textDocument/formatting failed.
  Message: 203:50: expected ';', found key (and 1 more errors)
  Code: 0 
[Error - 8:09:06 PM] 2025/10/28 20:09:06 imports fixes: allImportsFixes: /home/mayur/Documents/IITB/DECS/project/kv_load_tester/db.go:203:50: expected ';', found key (and 1 more errors)
	file="/home/mayur/Documents/IITB/DECS/project/kv_load_tester/db.go"

[Error - 8:09:06 PM] Request textDocument/formatting failed.
  Message: 203:50: expected ';', found key (and 1 more errors)
  Code: 0 
[Error - 8:09:08 PM] 2025/10/28 20:09:08 imports fixes: allImportsFixes: /home/mayur/Documents/IITB/DECS/project/kv_load_tester/db.go:203:28: expected ';', found value (and 4 more errors)
	file="/home/mayur/Documents/IITB/DECS/project/kv_load_tester/db.go"

[Error - 8:09:09 PM] 2025/10/28 20:09:09 imports fixes: allImportsFixes: /home/mayur/Documents/IITB/DECS/project/kv_load_tester/db.go:203:28: expected ';', found value (and 4 more errors)
	file="/home/mayur/Documents/IITB/DECS/project/kv_load_tester/db.go"

[Error - 8:09:09 PM] Request textDocument/formatting failed.
  Message: 203:28: expected ';', found value (and 4 more errors)
  Code: 0 
[Error - 8:09:11 PM] 2025/10/28 20:09:11 imports fixes: allImportsFixes: /home/mayur/Documents/IITB/DECS/project/kv_load_tester/db.go:203:28: expected ';', found value (and 4 more errors)
	file="/home/mayur/Documents/IITB/DECS/project/kv_load_tester/db.go"

[Error - 8:09:12 PM] 2025/10/28 20:09:12 imports fixes: allImportsFixes: /home/mayur/Documents/IITB/DECS/project/kv_load_tester/db.go:203:28: expected ';', found value (and 4 more errors)
	file="/home/mayur/Documents/IITB/DECS/project/kv_load_tester/db.go"

[Error - 8:09:13 PM] 2025/10/28 20:09:13 imports fixes: allImportsFixes: /home/mayur/Documents/IITB/DECS/project/kv_load_tester/db.go:203:28: expected ';', found value (and 4 more errors)
	file="/home/mayur/Documents/IITB/DECS/project/kv_load_tester/db.go"

[Error - 8:09:16 PM] 2025/10/28 20:09:16 imports fixes: allImportsFixes: /home/mayur/Documents/IITB/DECS/project/kv_load_tester/db.go:203:28: expected ';', found value (and 4 more errors)
	file="/home/mayur/Documents/IITB/DECS/project/kv_load_tester/db.go"

[Error - 8:09:38 PM] 2025/10/28 20:09:38 imports fixes: allImportsFixes: /home/mayur/Documents/IITB/DECS/project/kv_load_tester/db.go:203:28: expected ';', found value (and 4 more errors)
	file="/home/mayur/Documents/IITB/DECS/project/kv_load_tester/db.go"

[Error - 8:09:41 PM] 2025/10/28 20:09:41 imports fixes: allImportsFixes: /home/mayur/Documents/IITB/DECS/project/kv_load_tester/db.go:203:28: expected ';', found value (and 4 more errors)
	file="/home/mayur/Documents/IITB/DECS/project/kv_load_tester/db.go"

[Error - 8:09:41 PM] 2025/10/28 20:09:41 imports fixes: allImportsFixes: /home/mayur/Documents/IITB/DECS/project/kv_load_tester/db.go:203:28: expected ';', found value (and 4 more errors)
	file="/home/mayur/Documents/IITB/DECS/project/kv_load_tester/db.go"

[Error - 8:09:47 PM] 2025/10/28 20:09:47 imports fixes: allImportsFixes: /home/mayur/Documents/IITB/DECS/project/kv_load_tester/db.go:203:28: expected ';', found value (and 4 more errors)
	file="/home/mayur/Documents/IITB/DECS/project/kv_load_tester/db.go"

[Error - 8:09:48 PM] 2025/10/28 20:09:48 imports fixes: allImportsFixes: /home/mayur/Documents/IITB/DECS/project/kv_load_tester/db.go:203:28: expected ';', found value (and 4 more errors)
	file="/home/mayur/Documents/IITB/DECS/project/kv_load_tester/db.go"

[Error - 8:09:49 PM] 2025/10/28 20:09:49 imports fixes: allImportsFixes: /home/mayur/Documents/IITB/DECS/project/kv_load_tester/db.go:203:28: expected ';', found value (and 4 more errors)
	file="/home/mayur/Documents/IITB/DECS/project/kv_load_tester/db.go"

[Error - 8:10:08 PM] 2025/10/28 20:10:08 imports fixes: allImportsFixes: /home/mayur/Documents/IITB/DECS/project/kv_load_tester/db.go:203:28: expected ';', found value (and 4 more errors)
	file="/home/mayur/Documents/IITB/DECS/project/kv_load_tester/db.go"

[Error - 8:10:08 PM] Request textDocument/formatting failed.
  Message: 203:28: expected ';', found value (and 4 more errors)
  Code: 0 
[Error - 8:10:41 PM] 2025/10/28 20:10:41 imports fixes: allImportsFixes: /home/mayur/Documents/IITB/DECS/project/kv_load_tester/db.go:203:28: expected ';', found value (and 4 more errors)
	file="/home/mayur/Documents/IITB/DECS/project/kv_load_tester/db.go"

[Info  - 8:10:45 PM] 2025/10/28 20:10:45 go/packages.Load #4
	view_id="1"
	snapshot=51
	directory=/home/mayur/Documents/IITB/DECS/project/kv_load_tester
	query=[file=/home/mayur/Documents/IITB/DECS/project/kv_load_tester/db.go]
	packages=1
	duration=111.540952ms

[Error - 8:10:47 PM] 2025/10/28 20:10:47 imports fixes: allImportsFixes: /home/mayur/Documents/IITB/DECS/project/kv_load_tester/db.go:129:6: expected ';', found 'EOF' (and 2 more errors)
	file="/home/mayur/Documents/IITB/DECS/project/kv_load_tester/db.go"

[Error - 8:11:01 PM] 2025/10/28 20:11:01 imports fixes: allImportsFixes: /home/mayur/Documents/IITB/DECS/project/kv_load_tester/db.go:126:6: expected ';', found 'EOF' (and 2 more errors)
	file="/home/mayur/Documents/IITB/DECS/project/kv_load_tester/db.go"

[Error - 8:11:01 PM] 2025/10/28 20:11:01 imports fixes: allImportsFixes: /home/mayur/Documents/IITB/DECS/project/kv_load_tester/db.go:126:6: expected ';', found 'EOF' (and 2 more errors)
	file="/home/mayur/Documents/IITB/DECS/project/kv_load_tester/db.go"

[Info  - 8:11:09 PM] 2025/10/28 20:11:09 go/packages.Load #5
	view_id="1"
	snapshot=65
	directory=/home/mayur/Documents/IITB/DECS/project/kv_load_tester
	query=[file=/home/mayur/Documents/IITB/DECS/project/kv_load_tester/db.go]
	packages=1
	duration=133.128665ms

[Info  - 8:11:39 PM] 2025/10/28 20:11:39 background imports cache refresh starting

[Info  - 8:11:39 PM] 2025/10/28 20:11:39 background refresh finished after 9.57021ms

[Info  - 8:22:29 PM] 2025/10/28 20:22:29 go/packages.Load #6
	view_id="1"
	snapshot=82
	directory=/home/mayur/Documents/IITB/DECS/project/kv_load_tester
	query=[file=/home/mayur/Documents/IITB/DECS/project/kv_load_tester/db.go]
	packages=1
	duration=107.735202ms

[Info  - 8:22:29 PM] 2025/10/28 20:22:29 go/packages.Load #7
	view_id="1"
	snapshot=82
	directory=/home/mayur/Documents/IITB/DECS/project/kv_load_tester
	query=[file=/home/mayur/Documents/IITB/DECS/project/kv_load_tester/db.go]
	packages=1
	duration=105.402759ms

[Info  - 8:22:36 PM] 2025/10/28 20:22:36 go/packages.Load #8
	view_id="1"
	snapshot=84
	directory=/home/mayur/Documents/IITB/DECS/project/kv_load_tester
	query=[/home/mayur/Documents/IITB/DECS/project/kv_load_tester/... builtin]
	packages=3
	duration=112.284498ms

[Info  - 8:22:36 PM] 2025/10/28 20:22:36 go/packages.Load #9
	view_id="1"
	snapshot=84
	directory=/home/mayur/Documents/IITB/DECS/project/kv_load_tester
	query=[compress/zlib filippo.io/edwards25519 filippo.io/edwards25519/field github.com/go-sql-driver/mysql hash/adler32]
	packages=5
	duration=45.868229ms

