2025-10-28 19:54:29.532 [info] [getSessions] [all] starting
2025-10-28 19:54:29.532 [info] [getSessions] [all] returned 0 session(s)
2025-10-28 19:54:29.532 [info] [getSessions] [all] starting
2025-10-28 19:54:29.532 [info] [getSessions] [all] returned 0 session(s)
2025-10-28 19:54:29.532 [info] [getSessions] [all] starting
2025-10-28 19:54:29.532 [info] [getSessions] [all] returned 0 session(s)
2025-10-28 19:54:29.532 [info] [getSessions] [all] starting
2025-10-28 19:54:29.532 [info] [getSessions] [all] returned 0 session(s)
2025-10-28 19:54:29.535 [info] [getSessions] [499b84ac-1321-427f-aa17-267ca6975798/.default offline_access] starting
2025-10-28 19:54:29.535 [info] [aebc6443-996d-45c2-90f0-388ff96faa56] Native Broker is only available on Windows and macOS
2025-10-28 19:54:29.538 [info] [getSessions] [499b84ac-1321-427f-aa17-267ca6975798/.default offline_access] returned 0 session(s)
2025-10-28 19:54:30.095 [info] [getSessions] [499b84ac-1321-427f-aa17-267ca6975798/.default offline_access] starting
2025-10-28 19:54:30.095 [info] [getSessions] [499b84ac-1321-427f-aa17-267ca6975798/.default offline_access] returned 0 session(s)
2025-10-28 19:54:32.398 [info] [getSessions] [all] starting
2025-10-28 19:54:32.398 [info] [getSessions] [all] returned 0 session(s)
2025-10-28 19:54:48.839 [info] [aebc6443-996d-45c2-90f0-388ff96faa56] Native Broker is only available on Windows and macOS
2025-10-28 19:54:48.860 [info] [getSessions] [all] starting
2025-10-28 19:54:48.860 [info] [getSessions] [all] returned 0 session(s)
2025-10-28 19:54:48.860 [info] [getSessions] [all] starting
2025-10-28 19:54:48.860 [info] [getSessions] [all] returned 0 session(s)
2025-10-28 19:54:48.861 [info] [getSessions] [all] starting
2025-10-28 19:54:48.861 [info] [getSessions] [all] returned 0 session(s)
2025-10-28 19:54:48.861 [info] [getSessions] [all] starting
2025-10-28 19:54:48.861 [info] [getSessions] [all] returned 0 session(s)
2025-10-28 19:54:48.865 [info] [getSessions] [499b84ac-1321-427f-aa17-267ca6975798/.default offline_access] starting
2025-10-28 19:54:48.865 [info] [aebc6443-996d-45c2-90f0-388ff96faa56] Native Broker is only available on Windows and macOS
2025-10-28 19:54:48.876 [info] [getSessions] [499b84ac-1321-427f-aa17-267ca6975798/.default offline_access] returned 0 session(s)
2025-10-28 19:54:49.535 [info] [getSessions] [499b84ac-1321-427f-aa17-267ca6975798/.default offline_access] starting
2025-10-28 19:54:49.535 [info] [getSessions] [499b84ac-1321-427f-aa17-267ca6975798/.default offline_access] returned 0 session(s)
2025-10-28 19:54:50.151 [info] [getSessions] [all] starting
2025-10-28 19:54:50.151 [info] [getSessions] [all] returned 0 session(s)
