2025-10-28 19:53:39.040 [info] [main] Log level: Info
2025-10-28 19:53:39.040 [info] [main] Validating found git in: "git"
2025-10-28 19:53:39.040 [info] [main] Using git "2.51.0" from "git"
2025-10-28 19:53:39.040 [info] [Model][doInitialScan] Initial repository scan started
2025-10-28 19:53:39.040 [info] [Model][doInitialScan] Initial repository scan completed - repositories (0), closed repositories (0), parent repositories (0), unsafe repositories (0)
2025-10-28 19:54:48.519 [info] [main] Log level: Info
2025-10-28 19:54:48.519 [info] [main] Validating found git in: "git"
2025-10-28 19:54:48.519 [info] [main] Using git "2.51.0" from "git"
2025-10-28 19:54:48.519 [info] [Model][doInitialScan] Initial repository scan started
2025-10-28 19:54:48.519 [info] > git rev-parse --show-toplevel [77ms]
2025-10-28 19:54:48.824 [info] > git rev-parse --show-toplevel [6ms]
2025-10-28 19:54:48.841 [info] > git rev-parse --show-toplevel [5ms]
2025-10-28 19:54:48.845 [info] [Model][doInitialScan] Initial repository scan completed - repositories (0), closed repositories (0), parent repositories (1), unsafe repositories (0)
2025-10-28 19:54:57.704 [info] > git rev-parse --show-toplevel [1ms]
2025-10-28 19:55:05.324 [info] > git rev-parse --show-toplevel [1ms]
2025-10-28 19:55:05.333 [info] > git rev-parse --git-dir --git-common-dir --show-superproject-working-tree [3ms]
2025-10-28 19:55:05.347 [info] [Model][openRepository] Opened repository (path): /home/mayur/Documents/IITB/DECS/project
2025-10-28 19:55:05.347 [info] [Model][openRepository] Opened repository (real path): /home/mayur/Documents/IITB/DECS/project
2025-10-28 19:55:05.347 [info] [Model][openRepository] Opened repository (kind): repository
2025-10-28 19:55:05.362 [info] > git config --get commit.template [3ms]
2025-10-28 19:55:05.376 [info] > git for-each-ref --format=%(refname)%00%(upstream:short)%00%(objectname)%00%(upstream:track)%00%(upstream:remotename)%00%(upstream:remoteref) refs/heads/main refs/remotes/main [1ms]
2025-10-28 19:55:05.398 [info] > git status -z -uall [15ms]
2025-10-28 19:55:05.398 [info] > git for-each-ref --sort -committerdate --format %(refname)%00%(objectname)%00%(*objectname) [4ms]
2025-10-28 19:55:05.433 [info] > git for-each-ref --format=%(refname)%00%(upstream:short)%00%(objectname)%00%(upstream:track)%00%(upstream:remotename)%00%(upstream:remoteref) refs/heads/main refs/remotes/main [10ms]
2025-10-28 19:55:05.445 [info] > git config --get --local branch.main.vscode-merge-base [6ms]
2025-10-28 19:55:05.445 [warning] [Git][config] git config failed: Failed to execute git
2025-10-28 19:55:05.452 [info] > git config --get commit.template [20ms]
2025-10-28 19:55:05.462 [info] > git reflog main --grep-reflog=branch: Created from *. [10ms]
2025-10-28 19:55:05.473 [info] > git for-each-ref --format=%(refname)%00%(upstream:short)%00%(objectname)%00%(upstream:track)%00%(upstream:remotename)%00%(upstream:remoteref) refs/heads/main refs/remotes/main [12ms]
2025-10-28 19:55:05.490 [info] > git status -z -uall [7ms]
2025-10-28 19:55:05.491 [info] > git symbolic-ref --short refs/remotes/origin/HEAD [20ms]
2025-10-28 19:55:05.491 [info] fatal: ref refs/remotes/origin/HEAD is not a symbolic ref
2025-10-28 19:55:05.491 [warning] [Repository][getDefaultBranch] Failed to get default branch details: Failed to execute git.
2025-10-28 19:55:05.492 [info] > git for-each-ref --sort -committerdate --format %(refname)%00%(objectname)%00%(*objectname) [2ms]
2025-10-28 19:55:05.880 [info] > git check-ignore -v -z --stdin [1ms]
2025-10-28 19:55:08.962 [info] > git check-ignore -v -z --stdin [1ms]
2025-10-28 19:55:12.646 [info] > git show --textconv :kv_load_tester/cache.go [18ms]
2025-10-28 19:55:12.663 [info] > git ls-files --stage -- kv_load_tester/cache.go [19ms]
2025-10-28 19:55:12.690 [info] > git cat-file -s 40f95e3056d697d7dd6f53fdd794a9a4f7848da7 [2ms]
2025-10-28 19:55:18.905 [info] > git blame --root --incremental c7d29940730394b694820d9ecae2fe2b1d7c3cb0 -- kv_load_tester/cache.go [19ms]
2025-10-28 19:55:21.762 [info] > git for-each-ref --format=%(refname)%00%(upstream:short)%00%(objectname)%00%(upstream:track)%00%(upstream:remotename)%00%(upstream:remoteref) refs/heads/main refs/remotes/main [3ms]
2025-10-28 19:55:21.762 [info] > git config --get commit.template [27ms]
2025-10-28 19:55:21.804 [info] > git status -z -uall [26ms]
2025-10-28 19:55:21.805 [info] > git for-each-ref --sort -committerdate --format %(refname)%00%(objectname)%00%(*objectname) [3ms]
2025-10-28 19:55:23.726 [info] > git show --textconv :kv_load_tester/db.go [8ms]
2025-10-28 19:55:23.728 [info] > git ls-files --stage -- kv_load_tester/db.go [2ms]
2025-10-28 19:55:23.739 [info] > git cat-file -s 507576ec4451c95d93d685b068627782ce0a7c5a [1ms]
2025-10-28 19:55:24.177 [info] > git show --textconv :kv_load_tester/.env [8ms]
2025-10-28 19:55:24.179 [info] > git ls-files --stage -- kv_load_tester/.env [2ms]
2025-10-28 19:55:24.187 [info] > git cat-file -s db167c2e25cd225246bc961c128b280528c7251a [2ms]
2025-10-28 19:55:25.161 [info] > git check-ignore -v -z --stdin [1ms]
2025-10-28 19:55:28.453 [info] > git show --textconv :kv_load_tester/loadtest/loadtest.go [10ms]
2025-10-28 19:55:28.455 [info] > git ls-files --stage -- kv_load_tester/loadtest/loadtest.go [2ms]
2025-10-28 19:55:28.466 [info] > git cat-file -s 002852f38c59a6369f3df4ed168fad609996995a [2ms]
2025-10-28 19:55:28.524 [info] > git blame --root --incremental c7d29940730394b694820d9ecae2fe2b1d7c3cb0 -- kv_load_tester/loadtest/loadtest.go [4ms]
2025-10-28 19:55:30.115 [info] > git config --get commit.template [3ms]
2025-10-28 19:55:30.132 [info] > git for-each-ref --format=%(refname)%00%(upstream:short)%00%(objectname)%00%(upstream:track)%00%(upstream:remotename)%00%(upstream:remoteref) refs/heads/main refs/remotes/main [1ms]
2025-10-28 19:55:30.168 [info] > git status -z -uall [16ms]
2025-10-28 19:55:30.175 [info] > git for-each-ref --sort -committerdate --format %(refname)%00%(objectname)%00%(*objectname) [9ms]
2025-10-28 19:55:30.244 [info] > git ls-files --stage -- kv_load_tester/loadtest/loadtest.go [2ms]
2025-10-28 19:55:30.263 [info] > git cat-file -s 002852f38c59a6369f3df4ed168fad609996995a [4ms]
2025-10-28 19:55:30.319 [info] > git show --textconv :kv_load_tester/loadtest/loadtest.go [2ms]
2025-10-28 20:03:09.038 [info] > git config --get commit.template [12ms]
2025-10-28 20:03:09.041 [info] > git for-each-ref --format=%(refname)%00%(upstream:short)%00%(objectname)%00%(upstream:track)%00%(upstream:remotename)%00%(upstream:remoteref) refs/heads/main refs/remotes/main [6ms]
2025-10-28 20:03:09.065 [info] > git status -z -uall [13ms]
2025-10-28 20:03:09.067 [info] > git for-each-ref --sort -committerdate --format %(refname)%00%(objectname)%00%(*objectname) [3ms]
2025-10-28 20:03:14.018 [info] > git show --textconv :kv_load_tester/db.go [9ms]
2025-10-28 20:03:14.019 [info] > git ls-files --stage -- kv_load_tester/db.go [2ms]
2025-10-28 20:03:14.029 [info] > git cat-file -s 507576ec4451c95d93d685b068627782ce0a7c5a [1ms]
2025-10-28 20:03:14.088 [info] > git config --get commit.template [7ms]
2025-10-28 20:03:14.088 [info] > git for-each-ref --format=%(refname)%00%(upstream:short)%00%(objectname)%00%(upstream:track)%00%(upstream:remotename)%00%(upstream:remoteref) refs/heads/main refs/remotes/main [1ms]
2025-10-28 20:03:14.105 [info] > git status -z -uall [8ms]
2025-10-28 20:03:14.105 [info] > git for-each-ref --sort -committerdate --format %(refname)%00%(objectname)%00%(*objectname) [1ms]
2025-10-28 20:03:14.414 [info] > git show --textconv :kv_load_tester/docker-compose.yaml [9ms]
2025-10-28 20:03:14.415 [info] > git ls-files --stage -- kv_load_tester/docker-compose.yaml [1ms]
2025-10-28 20:03:14.423 [info] > git cat-file -s e3a6021e21e7c8ae7b23ff2f1010c70db68ae950 [1ms]
2025-10-28 20:03:20.799 [info] > git show --textconv :kv_load_tester/.env [7ms]
2025-10-28 20:03:20.800 [info] > git ls-files --stage -- kv_load_tester/.env [2ms]
2025-10-28 20:03:20.807 [info] > git cat-file -s db167c2e25cd225246bc961c128b280528c7251a [1ms]
2025-10-28 20:03:21.672 [info] > git blame --root --incremental c7d29940730394b694820d9ecae2fe2b1d7c3cb0 -- kv_load_tester/.env [13ms]
2025-10-28 20:06:00.278 [info] > git config --get commit.template [2ms]
2025-10-28 20:06:00.287 [info] > git for-each-ref --format=%(refname)%00%(upstream:short)%00%(objectname)%00%(upstream:track)%00%(upstream:remotename)%00%(upstream:remoteref) refs/heads/main refs/remotes/main [2ms]
2025-10-28 20:06:00.305 [info] > git status -z -uall [10ms]
2025-10-28 20:06:00.305 [info] > git for-each-ref --sort -committerdate --format %(refname)%00%(objectname)%00%(*objectname) [3ms]
2025-10-28 20:06:06.440 [info] > git config --get commit.template [12ms]
2025-10-28 20:06:06.441 [info] > git for-each-ref --format=%(refname)%00%(upstream:short)%00%(objectname)%00%(upstream:track)%00%(upstream:remotename)%00%(upstream:remoteref) refs/heads/main refs/remotes/main [2ms]
2025-10-28 20:06:06.464 [info] > git status -z -uall [13ms]
2025-10-28 20:06:06.465 [info] > git for-each-ref --sort -committerdate --format %(refname)%00%(objectname)%00%(*objectname) [3ms]
2025-10-28 20:06:11.489 [info] > git config --get commit.template [11ms]
2025-10-28 20:06:11.490 [info] > git for-each-ref --format=%(refname)%00%(upstream:short)%00%(objectname)%00%(upstream:track)%00%(upstream:remotename)%00%(upstream:remoteref) refs/heads/main refs/remotes/main [2ms]
2025-10-28 20:06:11.507 [info] > git status -z -uall [9ms]
2025-10-28 20:06:11.508 [info] > git for-each-ref --sort -committerdate --format %(refname)%00%(objectname)%00%(*objectname) [2ms]
2025-10-28 20:06:11.531 [info] > git show --textconv :kv_load_tester/db.go [10ms]
2025-10-28 20:06:11.531 [info] > git ls-files --stage -- kv_load_tester/db.go [1ms]
2025-10-28 20:06:11.541 [info] > git cat-file -s 507576ec4451c95d93d685b068627782ce0a7c5a [2ms]
2025-10-28 20:06:28.680 [info] > git blame --root --incremental c7d29940730394b694820d9ecae2fe2b1d7c3cb0 -- kv_load_tester/db.go [13ms]
2025-10-28 20:08:01.903 [info] > git config --get commit.template [9ms]
2025-10-28 20:08:01.903 [info] > git for-each-ref --format=%(refname)%00%(upstream:short)%00%(objectname)%00%(upstream:track)%00%(upstream:remotename)%00%(upstream:remoteref) refs/heads/main refs/remotes/main [1ms]
2025-10-28 20:08:01.919 [info] > git status -z -uall [8ms]
2025-10-28 20:08:01.920 [info] > git for-each-ref --sort -committerdate --format %(refname)%00%(objectname)%00%(*objectname) [2ms]
2025-10-28 20:08:07.266 [info] > git config --get commit.template [13ms]
2025-10-28 20:08:07.268 [info] > git for-each-ref --format=%(refname)%00%(upstream:short)%00%(objectname)%00%(upstream:track)%00%(upstream:remotename)%00%(upstream:remoteref) refs/heads/main refs/remotes/main [3ms]
2025-10-28 20:08:07.294 [info] > git status -z -uall [14ms]
2025-10-28 20:08:07.296 [info] > git for-each-ref --sort -committerdate --format %(refname)%00%(objectname)%00%(*objectname) [3ms]
2025-10-28 20:08:40.254 [info] > git config --get commit.template [10ms]
2025-10-28 20:08:40.254 [info] > git for-each-ref --format=%(refname)%00%(upstream:short)%00%(objectname)%00%(upstream:track)%00%(upstream:remotename)%00%(upstream:remoteref) refs/heads/main refs/remotes/main [1ms]
2025-10-28 20:08:40.273 [info] > git status -z -uall [12ms]
2025-10-28 20:08:40.275 [info] > git for-each-ref --sort -committerdate --format %(refname)%00%(objectname)%00%(*objectname) [1ms]
2025-10-28 20:08:45.340 [info] > git config --get commit.template [34ms]
2025-10-28 20:08:45.341 [info] > git for-each-ref --format=%(refname)%00%(upstream:short)%00%(objectname)%00%(upstream:track)%00%(upstream:remotename)%00%(upstream:remoteref) refs/heads/main refs/remotes/main [4ms]
2025-10-28 20:08:45.367 [info] > git status -z -uall [12ms]
2025-10-28 20:08:45.368 [info] > git for-each-ref --sort -committerdate --format %(refname)%00%(objectname)%00%(*objectname) [2ms]
2025-10-28 20:09:08.051 [info] > git config --get commit.template [9ms]
2025-10-28 20:09:08.052 [info] > git for-each-ref --format=%(refname)%00%(upstream:short)%00%(objectname)%00%(upstream:track)%00%(upstream:remotename)%00%(upstream:remoteref) refs/heads/main refs/remotes/main [1ms]
2025-10-28 20:09:08.068 [info] > git status -z -uall [8ms]
2025-10-28 20:09:08.068 [info] > git for-each-ref --sort -committerdate --format %(refname)%00%(objectname)%00%(*objectname) [1ms]
2025-10-28 20:09:13.119 [info] > git config --get commit.template [17ms]
2025-10-28 20:09:13.121 [info] > git for-each-ref --format=%(refname)%00%(upstream:short)%00%(objectname)%00%(upstream:track)%00%(upstream:remotename)%00%(upstream:remoteref) refs/heads/main refs/remotes/main [3ms]
2025-10-28 20:09:13.138 [info] > git status -z -uall [9ms]
2025-10-28 20:09:13.139 [info] > git for-each-ref --sort -committerdate --format %(refname)%00%(objectname)%00%(*objectname) [2ms]
2025-10-28 20:10:09.523 [info] > git config --get commit.template [11ms]
2025-10-28 20:10:09.524 [info] > git for-each-ref --format=%(refname)%00%(upstream:short)%00%(objectname)%00%(upstream:track)%00%(upstream:remotename)%00%(upstream:remoteref) refs/heads/main refs/remotes/main [1ms]
2025-10-28 20:10:09.545 [info] > git status -z -uall [12ms]
2025-10-28 20:10:09.546 [info] > git for-each-ref --sort -committerdate --format %(refname)%00%(objectname)%00%(*objectname) [2ms]
2025-10-28 20:10:48.872 [info] > git config --get commit.template [3ms]
2025-10-28 20:10:48.889 [info] > git for-each-ref --format=%(refname)%00%(upstream:short)%00%(objectname)%00%(upstream:track)%00%(upstream:remotename)%00%(upstream:remoteref) refs/heads/main refs/remotes/main [4ms]
2025-10-28 20:10:48.912 [info] > git status -z -uall [11ms]
2025-10-28 20:10:48.913 [info] > git for-each-ref --sort -committerdate --format %(refname)%00%(objectname)%00%(*objectname) [2ms]
2025-10-28 20:11:02.733 [info] > git config --get commit.template [9ms]
2025-10-28 20:11:02.734 [info] > git for-each-ref --format=%(refname)%00%(upstream:short)%00%(objectname)%00%(upstream:track)%00%(upstream:remotename)%00%(upstream:remoteref) refs/heads/main refs/remotes/main [2ms]
2025-10-28 20:11:02.751 [info] > git status -z -uall [9ms]
2025-10-28 20:11:02.752 [info] > git for-each-ref --sort -committerdate --format %(refname)%00%(objectname)%00%(*objectname) [2ms]
2025-10-28 20:11:12.254 [info] > git config --get commit.template [8ms]
2025-10-28 20:11:12.254 [info] > git for-each-ref --format=%(refname)%00%(upstream:short)%00%(objectname)%00%(upstream:track)%00%(upstream:remotename)%00%(upstream:remoteref) refs/heads/main refs/remotes/main [1ms]
2025-10-28 20:11:12.271 [info] > git status -z -uall [8ms]
2025-10-28 20:11:12.272 [info] > git for-each-ref --sort -committerdate --format %(refname)%00%(objectname)%00%(*objectname) [2ms]
2025-10-28 20:11:17.819 [info] > git config --get commit.template [2ms]
2025-10-28 20:11:17.831 [info] > git for-each-ref --format=%(refname)%00%(upstream:short)%00%(objectname)%00%(upstream:track)%00%(upstream:remotename)%00%(upstream:remoteref) refs/heads/main refs/remotes/main [2ms]
2025-10-28 20:11:17.848 [info] > git status -z -uall [9ms]
2025-10-28 20:11:17.849 [info] > git for-each-ref --sort -committerdate --format %(refname)%00%(objectname)%00%(*objectname) [1ms]
2025-10-28 20:14:26.303 [info] > git config --get commit.template [18ms]
2025-10-28 20:14:26.305 [info] > git for-each-ref --format=%(refname)%00%(upstream:short)%00%(objectname)%00%(upstream:track)%00%(upstream:remotename)%00%(upstream:remoteref) refs/heads/main refs/remotes/main [4ms]
2025-10-28 20:14:26.326 [info] > git status -z -uall [8ms]
2025-10-28 20:14:26.327 [info] > git for-each-ref --sort -committerdate --format %(refname)%00%(objectname)%00%(*objectname) [1ms]
2025-10-28 21:44:51.487 [info] > git config --get commit.template [24ms]
2025-10-28 21:44:51.523 [info] > git ls-files --stage -- kv_load_tester/db.go [39ms]
2025-10-28 21:44:51.544 [info] > git for-each-ref --format=%(refname)%00%(upstream:short)%00%(objectname)%00%(upstream:track)%00%(upstream:remotename)%00%(upstream:remoteref) refs/heads/main refs/remotes/main [22ms]
2025-10-28 21:44:51.618 [info] > git status -z -uall [33ms]
2025-10-28 21:44:51.620 [info] > git cat-file -s 507576ec4451c95d93d685b068627782ce0a7c5a [77ms]
2025-10-28 21:44:51.623 [info] > git for-each-ref --sort -committerdate --format %(refname)%00%(objectname)%00%(*objectname) [6ms]
2025-10-28 21:44:51.648 [info] > git show --textconv :kv_load_tester/db.go [5ms]
2025-10-28 21:55:37.173 [info] > git config --get commit.template [11ms]
2025-10-28 21:55:37.174 [info] > git for-each-ref --format=%(refname)%00%(upstream:short)%00%(objectname)%00%(upstream:track)%00%(upstream:remotename)%00%(upstream:remoteref) refs/heads/main refs/remotes/main [2ms]
2025-10-28 21:55:37.196 [info] > git status -z -uall [11ms]
2025-10-28 21:55:37.198 [info] > git for-each-ref --sort -committerdate --format %(refname)%00%(objectname)%00%(*objectname) [3ms]
2025-10-28 21:56:00.405 [info] > git config --get commit.template [12ms]
2025-10-28 21:56:00.406 [info] > git for-each-ref --format=%(refname)%00%(upstream:short)%00%(objectname)%00%(upstream:track)%00%(upstream:remotename)%00%(upstream:remoteref) refs/heads/main refs/remotes/main [3ms]
2025-10-28 21:56:00.430 [info] > git status -z -uall [12ms]
2025-10-28 21:56:00.431 [info] > git for-each-ref --sort -committerdate --format %(refname)%00%(objectname)%00%(*objectname) [2ms]
2025-10-28 22:04:08.965 [info] > git config --get commit.template [16ms]
2025-10-28 22:04:08.974 [info] > git for-each-ref --format=%(refname)%00%(upstream:short)%00%(objectname)%00%(upstream:track)%00%(upstream:remotename)%00%(upstream:remoteref) refs/heads/main refs/remotes/main [10ms]
2025-10-28 22:04:09.000 [info] > git status -z -uall [15ms]
2025-10-28 22:04:09.001 [info] > git for-each-ref --sort -committerdate --format %(refname)%00%(objectname)%00%(*objectname) [2ms]
2025-10-29 10:19:32.111 [info] > git config --get commit.template [13ms]
2025-10-29 10:19:32.113 [info] > git for-each-ref --format=%(refname)%00%(upstream:short)%00%(objectname)%00%(upstream:track)%00%(upstream:remotename)%00%(upstream:remoteref) refs/heads/main refs/remotes/main [4ms]
2025-10-29 10:19:32.135 [info] > git status -z -uall [12ms]
2025-10-29 10:19:32.137 [info] > git for-each-ref --sort -committerdate --format %(refname)%00%(objectname)%00%(*objectname) [3ms]
2025-10-29 11:36:59.575 [info] > git config --get commit.template [10ms]
2025-10-29 11:36:59.576 [info] > git for-each-ref --format=%(refname)%00%(upstream:short)%00%(objectname)%00%(upstream:track)%00%(upstream:remotename)%00%(upstream:remoteref) refs/heads/main refs/remotes/main [3ms]
2025-10-29 11:36:59.609 [info] > git status -z -uall [19ms]
2025-10-29 11:36:59.611 [info] > git for-each-ref --sort -committerdate --format %(refname)%00%(objectname)%00%(*objectname) [4ms]
2025-10-29 15:54:25.597 [info] > git config --get commit.template [13ms]
2025-10-29 15:54:25.605 [info] > git for-each-ref --format=%(refname)%00%(upstream:short)%00%(objectname)%00%(upstream:track)%00%(upstream:remotename)%00%(upstream:remoteref) refs/heads/main refs/remotes/main [10ms]
2025-10-29 15:54:25.633 [info] > git status -z -uall [12ms]
2025-10-29 15:54:25.635 [info] > git for-each-ref --sort -committerdate --format %(refname)%00%(objectname)%00%(*objectname) [3ms]
