2025-10-30 19:02:53.824 [info] [main] Log level: Info
2025-10-30 19:02:53.824 [info] [main] Validating found git in: "git"
2025-10-30 19:02:53.824 [info] [main] Using git "2.51.1" from "git"
2025-10-30 19:02:53.824 [info] [Model][doInitialScan] Initial repository scan started
2025-10-30 19:02:53.824 [info] [Model][doInitialScan] Initial repository scan completed - repositories (0), closed repositories (0), parent repositories (0), unsafe repositories (0)
2025-10-30 19:03:20.840 [info] [main] Log level: Info
2025-10-30 19:03:20.840 [info] [main] Validating found git in: "git"
2025-10-30 19:03:20.840 [info] [main] Using git "2.51.1" from "git"
2025-10-30 19:03:20.840 [info] [Model][doInitialScan] Initial repository scan started
2025-10-30 19:03:20.840 [info] > git rev-parse --show-toplevel [302ms]
2025-10-30 19:03:20.840 [info] fatal: not a git repository (or any parent up to mount point /)
Stopping at filesystem boundary (GIT_DISCOVERY_ACROSS_FILESYSTEM not set).
2025-10-30 19:03:20.842 [info] > git rev-parse --show-toplevel [471ms]
2025-10-30 19:03:20.842 [info] fatal: not a git repository (or any parent up to mount point /)
Stopping at filesystem boundary (GIT_DISCOVERY_ACROSS_FILESYSTEM not set).
2025-10-30 19:03:21.285 [info] > git rev-parse --show-toplevel [424ms]
2025-10-30 19:03:21.285 [info] fatal: not a git repository (or any parent up to mount point /)
Stopping at filesystem boundary (GIT_DISCOVERY_ACROSS_FILESYSTEM not set).
2025-10-30 19:03:21.288 [info] [Model][doInitialScan] Initial repository scan completed - repositories (0), closed repositories (0), parent repositories (0), unsafe repositories (0)
2025-10-30 19:03:21.500 [info] > git rev-parse --show-toplevel [58ms]
2025-10-30 19:03:21.500 [info] fatal: not a git repository (or any parent up to mount point /)
Stopping at filesystem boundary (GIT_DISCOVERY_ACROSS_FILESYSTEM not set).
2025-10-30 19:03:26.294 [info] > git rev-parse --show-toplevel [37ms]
2025-10-30 19:03:26.295 [info] fatal: not a git repository (or any parent up to mount point /)
Stopping at filesystem boundary (GIT_DISCOVERY_ACROSS_FILESYSTEM not set).
2025-10-30 19:03:26.325 [info] > git rev-parse --show-toplevel [4ms]
2025-10-30 19:03:26.325 [info] fatal: not a git repository (or any parent up to mount point /)
Stopping at filesystem boundary (GIT_DISCOVERY_ACROSS_FILESYSTEM not set).
2025-10-30 19:03:26.393 [info] > git rev-parse --show-toplevel [25ms]
2025-10-30 19:03:26.393 [info] fatal: not a git repository (or any parent up to mount point /)
Stopping at filesystem boundary (GIT_DISCOVERY_ACROSS_FILESYSTEM not set).
2025-10-30 19:03:26.424 [info] > git rev-parse --show-toplevel [4ms]
2025-10-30 19:03:26.424 [info] fatal: not a git repository (or any parent up to mount point /)
Stopping at filesystem boundary (GIT_DISCOVERY_ACROSS_FILESYSTEM not set).
2025-10-30 19:04:57.743 [info] > git rev-parse --show-toplevel [5ms]
2025-10-30 19:04:57.743 [info] fatal: not a git repository (or any parent up to mount point /)
Stopping at filesystem boundary (GIT_DISCOVERY_ACROSS_FILESYSTEM not set).
2025-10-30 19:05:58.024 [info] > git rev-parse --show-toplevel [6ms]
2025-10-30 19:05:58.024 [info] fatal: not a git repository (or any parent up to mount point /)
Stopping at filesystem boundary (GIT_DISCOVERY_ACROSS_FILESYSTEM not set).
2025-10-30 19:09:19.134 [info] > git rev-parse --show-toplevel [30ms]
2025-10-30 19:09:19.134 [info] fatal: not a git repository (or any parent up to mount point /)
Stopping at filesystem boundary (GIT_DISCOVERY_ACROSS_FILESYSTEM not set).
2025-10-30 19:25:21.427 [info] > git rev-parse --show-toplevel [9ms]
2025-10-30 19:25:21.428 [info] fatal: not a git repository (or any parent up to mount point /)
Stopping at filesystem boundary (GIT_DISCOVERY_ACROSS_FILESYSTEM not set).
2025-10-30 19:25:41.182 [info] > git rev-parse --show-toplevel [9ms]
2025-10-30 19:25:41.182 [info] fatal: not a git repository (or any parent up to mount point /)
Stopping at filesystem boundary (GIT_DISCOVERY_ACROSS_FILESYSTEM not set).
2025-10-30 19:27:44.751 [info] > git rev-parse --show-toplevel [2ms]
2025-10-30 19:27:44.751 [info] fatal: not a git repository (or any parent up to mount point /)
Stopping at filesystem boundary (GIT_DISCOVERY_ACROSS_FILESYSTEM not set).
2025-10-30 19:28:02.463 [info] > git rev-parse --show-toplevel [2ms]
2025-10-30 19:28:02.463 [info] fatal: not a git repository (or any parent up to mount point /)
Stopping at filesystem boundary (GIT_DISCOVERY_ACROSS_FILESYSTEM not set).
2025-10-30 19:28:03.581 [info] > git rev-parse --show-toplevel [3ms]
2025-10-30 19:28:03.581 [info] fatal: not a git repository (or any parent up to mount point /)
Stopping at filesystem boundary (GIT_DISCOVERY_ACROSS_FILESYSTEM not set).
2025-10-30 19:31:12.990 [info] > git rev-parse --show-toplevel [7ms]
2025-10-30 19:31:12.990 [info] fatal: not a git repository (or any parent up to mount point /)
Stopping at filesystem boundary (GIT_DISCOVERY_ACROSS_FILESYSTEM not set).
2025-10-30 19:31:56.099 [info] > git rev-parse --show-toplevel [12ms]
2025-10-30 19:31:56.099 [info] fatal: not a git repository (or any parent up to mount point /)
Stopping at filesystem boundary (GIT_DISCOVERY_ACROSS_FILESYSTEM not set).
2025-10-30 19:33:33.902 [info] > git rev-parse --show-toplevel [13ms]
2025-10-30 19:33:33.902 [info] fatal: not a git repository (or any parent up to mount point /)
Stopping at filesystem boundary (GIT_DISCOVERY_ACROSS_FILESYSTEM not set).
2025-10-30 21:32:38.862 [info] > git rev-parse --show-toplevel [17ms]
2025-10-30 21:32:38.863 [info] fatal: not a git repository (or any parent up to mount point /)
Stopping at filesystem boundary (GIT_DISCOVERY_ACROSS_FILESYSTEM not set).
2025-10-30 22:03:46.006 [info] > git rev-parse --show-toplevel [1ms]
2025-10-30 22:03:46.007 [info] fatal: not a git repository (or any parent up to mount point /)
Stopping at filesystem boundary (GIT_DISCOVERY_ACROSS_FILESYSTEM not set).
2025-10-30 22:08:42.809 [info] > git rev-parse --show-toplevel [1ms]
2025-10-30 22:08:42.809 [info] fatal: not a git repository (or any parent up to mount point /)
Stopping at filesystem boundary (GIT_DISCOVERY_ACROSS_FILESYSTEM not set).
2025-10-30 22:09:05.513 [info] > git rev-parse --show-toplevel [3ms]
2025-10-30 22:09:05.513 [info] fatal: not a git repository (or any parent up to mount point /)
Stopping at filesystem boundary (GIT_DISCOVERY_ACROSS_FILESYSTEM not set).
2025-10-30 22:09:08.566 [info] > git rev-parse --show-toplevel [2ms]
2025-10-30 22:09:08.566 [info] fatal: not a git repository (or any parent up to mount point /)
Stopping at filesystem boundary (GIT_DISCOVERY_ACROSS_FILESYSTEM not set).
2025-10-31 05:50:05.164 [info] > git rev-parse --show-toplevel [19ms]
2025-10-31 05:50:05.165 [info] fatal: not a git repository (or any parent up to mount point /)
Stopping at filesystem boundary (GIT_DISCOVERY_ACROSS_FILESYSTEM not set).
