2025-10-28 19:54:58.054 [info] Tools environment: GOPATH=/home/mayur/go, GOTOOLCHAIN=auto
2025-10-28 19:54:58.054 [info] Installing 2 tools at /home/mayur/go/bin
2025-10-28 19:54:58.054 [info]   gopls
2025-10-28 19:54:58.054 [info]   staticcheck
2025-10-28 19:54:58.054 [info] 
2025-10-28 19:55:09.344 [info] Installing golang.org/x/tools/gopls@latest (/home/mayur/go/bin/gopls) SUCCEEDED
2025-10-28 19:55:24.361 [info] Installing honnef.co/go/tools/cmd/staticcheck@latest (/home/mayur/go/bin/staticcheck) SUCCEEDED
2025-10-28 19:55:24.363 [info] 
2025-10-28 19:55:24.363 [info] All tools successfully installed. You are ready to Go. :)
2025-10-28 19:55:24.529 [info] Try to start language server - activation (enabled: true)
2025-10-28 19:55:24.698 [info] Running language server gopls(v0.20.0/go1.24.9)
2025-10-28 19:55:28.791 [info] Running checks...
2025-10-28 19:55:28.791 [info] Starting linting the current package at /home/mayur/Documents/IITB/DECS/project/kv_load_tester/loadtest
2025-10-28 19:55:31.727 [info] /home/mayur/Documents/IITB/DECS/project/kv_load_tester/loadtest>Finished running tool: /home/mayur/go/bin/staticcheck
2025-10-28 19:55:31.727 [info] /home/mayur/Documents/IITB/DECS/project/kv_load_tester/loadtest/loadtest.go:424:2 rand.Seed has been deprecated since Go 1.20 and an alternative has been available since Go 1.0: As of Go 1.20 there is no reason to call Seed with a random value. Programs that call Seed with a known value to get a specific sequence of results should use New(NewSource(seed)) to obtain a local random generator. (SA1019)
2025-10-28 19:55:31.727 [info] 
2025-10-28 20:08:00.861 [info] Running checks...
2025-10-28 20:08:00.861 [info] Starting linting the current package at /home/mayur/Documents/IITB/DECS/project/kv_load_tester
2025-10-28 20:08:01.178 [info] /home/mayur/Documents/IITB/DECS/project/kv_load_tester>Finished running tool: /home/mayur/go/bin/staticcheck
2025-10-28 20:08:01.178 [info] /home/mayur/Documents/IITB/DECS/project/kv_load_tester/db.go:14:2 declared and not used: dsn (compile)
2025-10-28 20:08:01.178 [info] 
2025-10-28 20:08:06.191 [info] Running checks...
2025-10-28 20:08:06.191 [info] Starting linting the current package at /home/mayur/Documents/IITB/DECS/project/kv_load_tester
2025-10-28 20:08:06.667 [info] /home/mayur/Documents/IITB/DECS/project/kv_load_tester>Finished running tool: /home/mayur/go/bin/staticcheck
2025-10-28 20:08:06.667 [info] /home/mayur/Documents/IITB/DECS/project/kv_load_tester/server.go:127:43 should use constant http.StatusMethodNotAllowed instead of numeric literal 405 (ST1013)
2025-10-28 20:08:06.667 [info] 
2025-10-28 20:08:38.011 [info] Running checks...
2025-10-28 20:08:38.011 [info] Starting linting the current package at /home/mayur/Documents/IITB/DECS/project/kv_load_tester
2025-10-28 20:08:38.142 [info] Running checks...
2025-10-28 20:08:38.142 [info] Starting linting the current package at /home/mayur/Documents/IITB/DECS/project/kv_load_tester
2025-10-28 20:08:38.184 [info] /home/mayur/Documents/IITB/DECS/project/kv_load_tester>Finished running tool: /home/mayur/go/bin/staticcheck
2025-10-28 20:08:38.184 [info] 
2025-10-28 20:08:38.255 [info] Running checks...
2025-10-28 20:08:38.255 [info] Starting linting the current package at /home/mayur/Documents/IITB/DECS/project/kv_load_tester
2025-10-28 20:08:38.288 [info] /home/mayur/Documents/IITB/DECS/project/kv_load_tester>Finished running tool: /home/mayur/go/bin/staticcheck
2025-10-28 20:08:38.288 [info] 
2025-10-28 20:08:38.419 [info] Running checks...
2025-10-28 20:08:38.419 [info] Starting linting the current package at /home/mayur/Documents/IITB/DECS/project/kv_load_tester
2025-10-28 20:08:38.450 [info] /home/mayur/Documents/IITB/DECS/project/kv_load_tester>Finished running tool: /home/mayur/go/bin/staticcheck
2025-10-28 20:08:38.450 [info] /home/mayur/Documents/IITB/DECS/project/kv_load_tester/db.go:203:28 syntax error: unexpected name value at end of statement
2025-10-28 20:08:38.450 [info] /home/mayur/Documents/IITB/DECS/project/kv_load_tester/db.go:203:33 invalid character U+005C '\'
2025-10-28 20:08:38.450 [info] /home/mayur/Documents/IITB/DECS/project/kv_load_tester/db.go:218:50 syntax error: unexpected name key at end of statement
2025-10-28 20:08:38.450 [info] /home/mayur/Documents/IITB/DECS/project/kv_load_tester/db.go:218:53 invalid character U+005C '\' (compile)
2025-10-28 20:08:38.450 [info] 
2025-10-28 20:08:38.617 [info] Running checks...
2025-10-28 20:08:38.617 [info] Starting linting the current package at /home/mayur/Documents/IITB/DECS/project/kv_load_tester
2025-10-28 20:08:38.621 [info] /home/mayur/Documents/IITB/DECS/project/kv_load_tester>Finished running tool: /home/mayur/go/bin/staticcheck
2025-10-28 20:08:38.621 [info] 
2025-10-28 20:08:38.790 [info] Running checks...
2025-10-28 20:08:38.790 [info] Starting linting the current package at /home/mayur/Documents/IITB/DECS/project/kv_load_tester
2025-10-28 20:08:38.819 [info] /home/mayur/Documents/IITB/DECS/project/kv_load_tester>Finished running tool: /home/mayur/go/bin/staticcheck
2025-10-28 20:08:38.819 [info] 
2025-10-28 20:08:38.960 [info] Running checks...
2025-10-28 20:08:38.960 [info] Starting linting the current package at /home/mayur/Documents/IITB/DECS/project/kv_load_tester
2025-10-28 20:08:38.965 [info] /home/mayur/Documents/IITB/DECS/project/kv_load_tester>Finished running tool: /home/mayur/go/bin/staticcheck
2025-10-28 20:08:38.965 [info] 
2025-10-28 20:08:39.140 [info] Running checks...
2025-10-28 20:08:39.140 [info] Starting linting the current package at /home/mayur/Documents/IITB/DECS/project/kv_load_tester
2025-10-28 20:08:39.141 [info] /home/mayur/Documents/IITB/DECS/project/kv_load_tester>Finished running tool: /home/mayur/go/bin/staticcheck
2025-10-28 20:08:39.142 [info] /home/mayur/Documents/IITB/DECS/project/kv_load_tester/db.go:203:28 syntax error: unexpected name value at end of statement
2025-10-28 20:08:39.142 [info] /home/mayur/Documents/IITB/DECS/project/kv_load_tester/db.go:203:33 invalid character U+005C '\'
2025-10-28 20:08:39.142 [info] /home/mayur/Documents/IITB/DECS/project/kv_load_tester/db.go:218:50 syntax error: unexpected name key at end of statement
2025-10-28 20:08:39.142 [info] /home/mayur/Documents/IITB/DECS/project/kv_load_tester/db.go:218:53 invalid character U+005C '\' (compile)
2025-10-28 20:08:39.142 [info] 
2025-10-28 20:08:39.322 [info] /home/mayur/Documents/IITB/DECS/project/kv_load_tester>Finished running tool: /home/mayur/go/bin/staticcheck
2025-10-28 20:08:39.322 [info] /home/mayur/Documents/IITB/DECS/project/kv_load_tester/db.go:203:28 syntax error: unexpected name value at end of statement
2025-10-28 20:08:39.322 [info] /home/mayur/Documents/IITB/DECS/project/kv_load_tester/db.go:203:33 invalid character U+005C '\'
2025-10-28 20:08:39.322 [info] /home/mayur/Documents/IITB/DECS/project/kv_load_tester/db.go:218:50 syntax error: unexpected name key at end of statement
2025-10-28 20:08:39.322 [info] /home/mayur/Documents/IITB/DECS/project/kv_load_tester/db.go:218:53 invalid character U+005C '\' (compile)
2025-10-28 20:08:39.322 [info] 
2025-10-28 20:08:41.229 [info] Running checks...
2025-10-28 20:08:41.229 [info] Starting linting the current package at /home/mayur/Documents/IITB/DECS/project/kv_load_tester
2025-10-28 20:08:41.393 [info] /home/mayur/Documents/IITB/DECS/project/kv_load_tester>Finished running tool: /home/mayur/go/bin/staticcheck
2025-10-28 20:08:41.393 [info] /home/mayur/Documents/IITB/DECS/project/kv_load_tester/db.go:203:28 syntax error: unexpected name value at end of statement
2025-10-28 20:08:41.393 [info] /home/mayur/Documents/IITB/DECS/project/kv_load_tester/db.go:203:33 invalid character U+005C '\'
2025-10-28 20:08:41.393 [info] /home/mayur/Documents/IITB/DECS/project/kv_load_tester/db.go:218:50 syntax error: unexpected name key at end of statement
2025-10-28 20:08:41.393 [info] /home/mayur/Documents/IITB/DECS/project/kv_load_tester/db.go:218:53 invalid character U+005C '\' (compile)
2025-10-28 20:08:41.393 [info] 
2025-10-28 20:09:06.707 [info] Running checks...
2025-10-28 20:09:06.707 [info] Starting linting the current package at /home/mayur/Documents/IITB/DECS/project/kv_load_tester
2025-10-28 20:09:06.938 [info] Running checks...
2025-10-28 20:09:06.938 [info] Starting linting the current package at /home/mayur/Documents/IITB/DECS/project/kv_load_tester
2025-10-28 20:09:06.941 [info] /home/mayur/Documents/IITB/DECS/project/kv_load_tester>Finished running tool: /home/mayur/go/bin/staticcheck
2025-10-28 20:09:06.941 [info] /home/mayur/Documents/IITB/DECS/project/kv_load_tester/db.go:203:50 syntax error: unexpected name key at end of statement
2025-10-28 20:09:06.941 [info] /home/mayur/Documents/IITB/DECS/project/kv_load_tester/db.go:203:53 invalid character U+005C '\' (compile)
2025-10-28 20:09:06.941 [info] 
2025-10-28 20:09:07.105 [info] /home/mayur/Documents/IITB/DECS/project/kv_load_tester>Finished running tool: /home/mayur/go/bin/staticcheck
2025-10-28 20:09:07.105 [info] /home/mayur/Documents/IITB/DECS/project/kv_load_tester/db.go:203:50 syntax error: unexpected name key at end of statement
2025-10-28 20:09:07.105 [info] /home/mayur/Documents/IITB/DECS/project/kv_load_tester/db.go:203:53 invalid character U+005C '\' (compile)
2025-10-28 20:09:07.105 [info] 
2025-10-28 20:09:09.350 [info] Running checks...
2025-10-28 20:09:09.350 [info] Starting linting the current package at /home/mayur/Documents/IITB/DECS/project/kv_load_tester
2025-10-28 20:09:09.521 [info] /home/mayur/Documents/IITB/DECS/project/kv_load_tester>Finished running tool: /home/mayur/go/bin/staticcheck
2025-10-28 20:09:09.521 [info] /home/mayur/Documents/IITB/DECS/project/kv_load_tester/db.go:203:28 syntax error: unexpected name value at end of statement
2025-10-28 20:09:09.521 [info] /home/mayur/Documents/IITB/DECS/project/kv_load_tester/db.go:203:33 invalid character U+005C '\'
2025-10-28 20:09:09.521 [info] /home/mayur/Documents/IITB/DECS/project/kv_load_tester/db.go:218:50 syntax error: unexpected name key at end of statement
2025-10-28 20:09:09.521 [info] /home/mayur/Documents/IITB/DECS/project/kv_load_tester/db.go:218:53 invalid character U+005C '\' (compile)
2025-10-28 20:09:09.521 [info] 
2025-10-28 20:10:08.451 [info] Running checks...
2025-10-28 20:10:08.451 [info] Starting linting the current package at /home/mayur/Documents/IITB/DECS/project/kv_load_tester
2025-10-28 20:10:08.658 [info] /home/mayur/Documents/IITB/DECS/project/kv_load_tester>Finished running tool: /home/mayur/go/bin/staticcheck
2025-10-28 20:10:08.658 [info] /home/mayur/Documents/IITB/DECS/project/kv_load_tester/db.go:203:28 syntax error: unexpected name value at end of statement
2025-10-28 20:10:08.658 [info] /home/mayur/Documents/IITB/DECS/project/kv_load_tester/db.go:203:33 invalid character U+005C '\'
2025-10-28 20:10:08.658 [info] /home/mayur/Documents/IITB/DECS/project/kv_load_tester/db.go:218:50 syntax error: unexpected name key at end of statement
2025-10-28 20:10:08.658 [info] /home/mayur/Documents/IITB/DECS/project/kv_load_tester/db.go:218:53 invalid character U+005C '\' (compile)
2025-10-28 20:10:08.658 [info] 
2025-10-28 20:10:47.811 [info] Running checks...
2025-10-28 20:10:47.811 [info] Starting linting the current package at /home/mayur/Documents/IITB/DECS/project/kv_load_tester
2025-10-28 20:10:48.004 [info] /home/mayur/Documents/IITB/DECS/project/kv_load_tester>Finished running tool: /home/mayur/go/bin/staticcheck
2025-10-28 20:10:48.004 [info] /home/mayur/Documents/IITB/DECS/project/kv_load_tester/db.go:129:6 expected 'package', found 'EOF' (compile)
2025-10-28 20:10:48.004 [info] 
2025-10-28 20:11:01.135 [info] Running checks...
2025-10-28 20:11:01.135 [info] Starting linting the current package at /home/mayur/Documents/IITB/DECS/project/kv_load_tester
2025-10-28 20:11:01.303 [info] /home/mayur/Documents/IITB/DECS/project/kv_load_tester>Finished running tool: /home/mayur/go/bin/staticcheck
2025-10-28 20:11:01.303 [info] /home/mayur/Documents/IITB/DECS/project/kv_load_tester/db.go:126:6 expected 'package', found 'EOF' (compile)
2025-10-28 20:11:01.303 [info] 
2025-10-28 20:11:01.688 [info] Running checks...
2025-10-28 20:11:01.689 [info] Starting linting the current package at /home/mayur/Documents/IITB/DECS/project/kv_load_tester
2025-10-28 20:11:01.861 [info] /home/mayur/Documents/IITB/DECS/project/kv_load_tester>Finished running tool: /home/mayur/go/bin/staticcheck
2025-10-28 20:11:01.861 [info] /home/mayur/Documents/IITB/DECS/project/kv_load_tester/db.go:126:6 expected 'package', found 'EOF' (compile)
2025-10-28 20:11:01.861 [info] 
2025-10-28 20:11:09.877 [info] Running checks...
2025-10-28 20:11:09.878 [info] Starting linting the current package at /home/mayur/Documents/IITB/DECS/project/kv_load_tester
2025-10-28 20:11:10.026 [info] Running checks...
2025-10-28 20:11:10.026 [info] Starting linting the current package at /home/mayur/Documents/IITB/DECS/project/kv_load_tester
2025-10-28 20:11:10.063 [info] /home/mayur/Documents/IITB/DECS/project/kv_load_tester>Finished running tool: /home/mayur/go/bin/staticcheck
2025-10-28 20:11:10.063 [info] 
2025-10-28 20:11:10.222 [info] Running checks...
2025-10-28 20:11:10.222 [info] Starting linting the current package at /home/mayur/Documents/IITB/DECS/project/kv_load_tester
2025-10-28 20:11:10.283 [info] /home/mayur/Documents/IITB/DECS/project/kv_load_tester>Finished running tool: /home/mayur/go/bin/staticcheck
2025-10-28 20:11:10.283 [info] 
2025-10-28 20:11:10.415 [info] Running checks...
2025-10-28 20:11:10.415 [info] Starting linting the current package at /home/mayur/Documents/IITB/DECS/project/kv_load_tester
2025-10-28 20:11:10.482 [info] /home/mayur/Documents/IITB/DECS/project/kv_load_tester>Finished running tool: /home/mayur/go/bin/staticcheck
2025-10-28 20:11:10.482 [info] 
2025-10-28 20:11:10.577 [info] Running checks...
2025-10-28 20:11:10.577 [info] Starting linting the current package at /home/mayur/Documents/IITB/DECS/project/kv_load_tester
2025-10-28 20:11:10.618 [info] /home/mayur/Documents/IITB/DECS/project/kv_load_tester>Finished running tool: /home/mayur/go/bin/staticcheck
2025-10-28 20:11:10.618 [info] 
2025-10-28 20:11:10.777 [info] Running checks...
2025-10-28 20:11:10.777 [info] Starting linting the current package at /home/mayur/Documents/IITB/DECS/project/kv_load_tester
2025-10-28 20:11:10.829 [info] /home/mayur/Documents/IITB/DECS/project/kv_load_tester>Finished running tool: /home/mayur/go/bin/staticcheck
2025-10-28 20:11:10.829 [info] 
2025-10-28 20:11:10.969 [info] Running checks...
2025-10-28 20:11:10.969 [info] Starting linting the current package at /home/mayur/Documents/IITB/DECS/project/kv_load_tester
2025-10-28 20:11:11.000 [info] /home/mayur/Documents/IITB/DECS/project/kv_load_tester>Finished running tool: /home/mayur/go/bin/staticcheck
2025-10-28 20:11:11.000 [info] 
2025-10-28 20:11:11.140 [info] Running checks...
2025-10-28 20:11:11.140 [info] Starting linting the current package at /home/mayur/Documents/IITB/DECS/project/kv_load_tester
2025-10-28 20:11:11.189 [info] /home/mayur/Documents/IITB/DECS/project/kv_load_tester>Finished running tool: /home/mayur/go/bin/staticcheck
2025-10-28 20:11:11.189 [info] 
2025-10-28 20:11:11.432 [info] /home/mayur/Documents/IITB/DECS/project/kv_load_tester>Finished running tool: /home/mayur/go/bin/staticcheck
2025-10-28 20:11:11.432 [info] /home/mayur/Documents/IITB/DECS/project/kv_load_tester/server.go:127:43 should use constant http.StatusMethodNotAllowed instead of numeric literal 405 (ST1013)
2025-10-28 20:11:11.432 [info] 
2025-10-28 20:11:16.741 [info] Running checks...
2025-10-28 20:11:16.741 [info] Starting linting the current package at /home/mayur/Documents/IITB/DECS/project/kv_load_tester
2025-10-28 20:11:16.933 [info] /home/mayur/Documents/IITB/DECS/project/kv_load_tester>Finished running tool: /home/mayur/go/bin/staticcheck
2025-10-28 20:11:16.933 [info] /home/mayur/Documents/IITB/DECS/project/kv_load_tester/server.go:127:43 should use constant http.StatusMethodNotAllowed instead of numeric literal 405 (ST1013)
2025-10-28 20:11:16.933 [info] 
2025-10-28 20:25:24.565 [info] Fetching latest go developer survey
2025-10-28 20:25:26.907 [info] Using fetched Go developer survey: v0.1.0
2025-10-28 20:25:26.907 [info] Survey active from Tue Sep 09 2025 to Wed Oct 01 2025
