2025-10-30 19:02:53.482 [info] Reading sessions from keychain...
2025-10-30 19:02:53.482 [info] Got stored sessions!
2025-10-30 19:02:53.482 [info] Got 1 verified sessions.
2025-10-30 19:02:53.482 [info] Getting sessions for all scopes...
2025-10-30 19:02:53.482 [info] Got 1 sessions for ...
2025-10-30 19:02:53.482 [info] Getting sessions for all scopes...
2025-10-30 19:02:53.482 [info] Got 1 sessions for ...
2025-10-30 19:02:53.482 [info] Getting sessions for all scopes...
2025-10-30 19:02:53.482 [info] Got 1 sessions for ...
2025-10-30 19:02:53.482 [info] Getting sessions for all scopes...
2025-10-30 19:02:53.482 [info] Got 1 sessions for ...
2025-10-30 19:02:53.482 [info] Getting sessions for all scopes...
2025-10-30 19:02:53.482 [info] Got 1 sessions for ...
2025-10-30 19:02:53.482 [info] Getting sessions for all scopes...
2025-10-30 19:02:53.482 [info] Got 1 sessions for ...
2025-10-30 19:02:53.482 [info] Getting sessions for all scopes...
2025-10-30 19:02:53.482 [info] Got 1 sessions for ...
2025-10-30 19:02:53.482 [info] Getting sessions for all scopes...
2025-10-30 19:02:53.482 [info] Got 1 sessions for ...
2025-10-30 19:02:53.482 [info] Getting sessions for all scopes...
2025-10-30 19:02:53.482 [info] Got 1 sessions for ...
2025-10-30 19:02:53.482 [info] Getting sessions for all scopes...
2025-10-30 19:02:53.482 [info] Got 1 sessions for ...
2025-10-30 19:02:53.482 [info] Getting sessions for all scopes...
2025-10-30 19:02:53.482 [info] Got 1 sessions for ...
2025-10-30 19:02:53.482 [info] Getting sessions for all scopes...
2025-10-30 19:02:53.482 [info] Got 1 sessions for ...
2025-10-30 19:02:53.482 [info] Getting sessions for all scopes...
2025-10-30 19:02:53.482 [info] Got 1 sessions for ...
2025-10-30 19:02:53.482 [info] Getting sessions for all scopes...
2025-10-30 19:02:53.482 [info] Got 1 sessions for ...
2025-10-30 19:02:56.683 [info] Getting sessions for all scopes...
2025-10-30 19:02:56.683 [info] Got 1 sessions for ...
2025-10-30 19:02:56.694 [info] Getting sessions for all scopes...
2025-10-30 19:02:56.694 [info] Got 1 sessions for ...
2025-10-30 19:02:56.695 [info] Getting sessions for all scopes...
2025-10-30 19:02:56.695 [info] Got 1 sessions for ...
2025-10-30 19:02:56.695 [info] Getting sessions for all scopes...
2025-10-30 19:02:56.695 [info] Got 1 sessions for ...
2025-10-30 19:02:56.758 [info] Getting sessions for all scopes...
2025-10-30 19:02:56.758 [info] Got 1 sessions for ...
2025-10-30 19:02:56.758 [info] Getting sessions for all scopes...
2025-10-30 19:02:56.758 [info] Got 1 sessions for ...
2025-10-30 19:02:57.446 [info] Getting sessions for read:user,repo,user:email,workflow...
2025-10-30 19:02:57.447 [info] Got 0 sessions for read:user,repo,user:email,workflow...
2025-10-30 19:02:57.450 [info] Getting sessions for all scopes...
2025-10-30 19:02:57.450 [info] Got 1 sessions for ...
2025-10-30 19:02:57.454 [info] Getting sessions for all scopes...
2025-10-30 19:02:57.454 [info] Got 1 sessions for ...
2025-10-30 19:02:57.454 [info] Getting sessions for read:user,repo,user:email,workflow...
2025-10-30 19:02:57.454 [info] Got 0 sessions for read:user,repo,user:email,workflow...
2025-10-30 19:02:57.459 [info] Getting sessions for user:email...
2025-10-30 19:02:57.459 [info] Got 1 sessions for user:email...
2025-10-30 19:02:57.459 [info] Getting sessions for read:user,repo,user:email,workflow...
2025-10-30 19:02:57.459 [info] Got 0 sessions for read:user,repo,user:email,workflow...
2025-10-30 19:02:57.464 [info] Getting sessions for read:user...
2025-10-30 19:02:57.464 [info] Got 0 sessions for read:user...
2025-10-30 19:02:57.469 [info] Getting sessions for all scopes...
2025-10-30 19:02:57.469 [info] Got 1 sessions for ...
2025-10-30 19:02:57.473 [info] Getting sessions for user:email...
2025-10-30 19:02:57.473 [info] Got 1 sessions for user:email...
2025-10-30 19:02:57.674 [info] Getting sessions for all scopes...
2025-10-30 19:02:57.674 [info] Got 1 sessions for ...
2025-10-30 19:02:57.675 [info] Getting sessions for read:user,repo,user:email,workflow...
2025-10-30 19:02:57.675 [info] Got 0 sessions for read:user,repo,user:email,workflow...
2025-10-30 19:02:57.676 [info] Getting sessions for user:email...
2025-10-30 19:02:57.676 [info] Got 1 sessions for user:email...
2025-10-30 19:02:57.774 [info] FetcherService: Electron fetch failed with status: 429 
2025-10-30 19:02:58.053 [info] Getting sessions for all scopes...
2025-10-30 19:02:58.053 [info] Got 1 sessions for ...
2025-10-30 19:02:58.059 [info] Getting sessions for read:user,repo,user:email,workflow...
2025-10-30 19:02:58.059 [info] Got 0 sessions for read:user,repo,user:email,workflow...
2025-10-30 19:02:58.064 [info] Getting sessions for user:email...
2025-10-30 19:02:58.064 [info] Got 1 sessions for user:email...
2025-10-30 19:02:58.151 [info] Getting sessions for all scopes...
2025-10-30 19:02:58.151 [info] Got 1 sessions for ...
2025-10-30 19:02:58.151 [info] Getting sessions for all scopes...
2025-10-30 19:02:58.151 [info] Got 1 sessions for ...
2025-10-30 19:02:58.157 [info] Getting sessions for read:user,repo,user:email,workflow...
2025-10-30 19:02:58.157 [info] Got 0 sessions for read:user,repo,user:email,workflow...
2025-10-30 19:02:58.158 [info] Getting sessions for user:email...
2025-10-30 19:02:58.158 [info] Got 1 sessions for user:email...
2025-10-30 19:02:58.159 [info] Getting sessions for read:user,repo,user:email,workflow...
2025-10-30 19:02:58.159 [info] Got 0 sessions for read:user,repo,user:email,workflow...
2025-10-30 19:02:58.221 [info] Getting sessions for all scopes...
2025-10-30 19:02:58.221 [info] Got 1 sessions for ...
2025-10-30 19:02:58.222 [info] Getting sessions for all scopes...
2025-10-30 19:02:58.222 [info] Got 1 sessions for ...
2025-10-30 19:02:58.223 [info] Getting sessions for all scopes...
2025-10-30 19:02:58.223 [info] Got 1 sessions for ...
2025-10-30 19:02:58.224 [info] Getting sessions for all scopes...
2025-10-30 19:02:58.224 [info] Got 1 sessions for ...
2025-10-30 19:02:58.232 [info] Getting sessions for read:user,repo,user:email,workflow...
2025-10-30 19:02:58.232 [info] Got 0 sessions for read:user,repo,user:email,workflow...
2025-10-30 19:02:58.233 [info] Getting sessions for user:email...
2025-10-30 19:02:58.233 [info] Got 1 sessions for user:email...
2025-10-30 19:02:58.233 [info] Getting sessions for read:user,repo,user:email,workflow...
2025-10-30 19:02:58.233 [info] Got 0 sessions for read:user,repo,user:email,workflow...
2025-10-30 19:02:58.234 [info] Getting sessions for all scopes...
2025-10-30 19:02:58.234 [info] Got 1 sessions for ...
2025-10-30 19:02:58.235 [info] Getting sessions for read:user,repo,user:email,workflow...
2025-10-30 19:02:58.235 [info] Got 0 sessions for read:user,repo,user:email,workflow...
2025-10-30 19:02:58.236 [info] Getting sessions for user:email...
2025-10-30 19:02:58.236 [info] Got 1 sessions for user:email...
2025-10-30 19:02:59.026 [info] FetcherService: Node fetch failed with status: 429 Too Many Requests
2025-10-30 19:02:59.973 [info] Getting sessions for all scopes...
2025-10-30 19:02:59.973 [info] Got 1 sessions for ...
2025-10-30 19:03:00.687 [info] FetcherService: Node http/s failed with status: 429 Too Many Requests
2025-10-30 19:03:13.004 [info] Reading sessions from keychain...
2025-10-30 19:03:13.004 [info] Getting sessions for all scopes...
2025-10-30 19:03:13.004 [info] Got stored sessions!
2025-10-30 19:03:13.004 [info] Got 1 verified sessions.
2025-10-30 19:03:13.004 [info] Got 1 sessions for ...
2025-10-30 19:03:13.004 [info] Getting sessions for all scopes...
2025-10-30 19:03:13.004 [info] Got 1 sessions for ...
2025-10-30 19:03:13.004 [info] Getting sessions for all scopes...
2025-10-30 19:03:13.004 [info] Got 1 sessions for ...
2025-10-30 19:03:13.004 [info] Getting sessions for all scopes...
2025-10-30 19:03:13.004 [info] Got 1 sessions for ...
2025-10-30 19:03:13.004 [info] Getting sessions for all scopes...
2025-10-30 19:03:13.004 [info] Got 1 sessions for ...
2025-10-30 19:03:13.004 [info] Getting sessions for all scopes...
2025-10-30 19:03:13.004 [info] Got 1 sessions for ...
2025-10-30 19:03:13.004 [info] Getting sessions for all scopes...
2025-10-30 19:03:13.004 [info] Got 1 sessions for ...
2025-10-30 19:03:13.004 [info] Getting sessions for all scopes...
2025-10-30 19:03:13.004 [info] Got 1 sessions for ...
2025-10-30 19:03:13.037 [info] Getting sessions for all scopes...
2025-10-30 19:03:13.037 [info] Got 1 sessions for ...
2025-10-30 19:03:13.038 [info] Getting sessions for all scopes...
2025-10-30 19:03:13.038 [info] Got 1 sessions for ...
2025-10-30 19:03:13.039 [info] Getting sessions for all scopes...
2025-10-30 19:03:13.039 [info] Got 1 sessions for ...
2025-10-30 19:03:13.039 [info] Getting sessions for all scopes...
2025-10-30 19:03:13.039 [info] Got 1 sessions for ...
2025-10-30 19:03:13.039 [info] Getting sessions for all scopes...
2025-10-30 19:03:13.039 [info] Got 1 sessions for ...
2025-10-30 19:03:13.039 [info] Getting sessions for all scopes...
2025-10-30 19:03:13.039 [info] Got 1 sessions for ...
2025-10-30 19:03:13.082 [info] Getting sessions for all scopes...
2025-10-30 19:03:13.082 [info] Got 1 sessions for ...
2025-10-30 19:03:14.379 [info] FetcherService: Electron fetch failed with status: 429 
2025-10-30 19:03:14.711 [info] Getting sessions for all scopes...
2025-10-30 19:03:14.711 [info] Got 1 sessions for ...
2025-10-30 19:03:14.712 [info] Getting sessions for all scopes...
2025-10-30 19:03:14.712 [info] Got 1 sessions for ...
2025-10-30 19:03:14.724 [info] Getting sessions for all scopes...
2025-10-30 19:03:14.724 [info] Got 1 sessions for ...
2025-10-30 19:03:15.563 [info] FetcherService: Node fetch failed with status: 429 Too Many Requests
2025-10-30 19:03:19.798 [info] FetcherService: Node http/s failed with status: 429 Too Many Requests
2025-10-30 19:03:20.196 [info] Getting sessions for all scopes...
2025-10-30 19:03:20.196 [info] Got 1 sessions for ...
2025-10-30 19:03:20.197 [info] Getting sessions for all scopes...
2025-10-30 19:03:20.197 [info] Got 1 sessions for ...
2025-10-30 19:03:21.289 [info] Getting sessions for read:user,repo,user:email,workflow...
2025-10-30 19:03:21.289 [info] Got 0 sessions for read:user,repo,user:email,workflow...
2025-10-30 19:03:21.300 [info] Getting sessions for all scopes...
2025-10-30 19:03:21.300 [info] Got 1 sessions for ...
2025-10-30 19:03:21.303 [info] Getting sessions for all scopes...
2025-10-30 19:03:21.303 [info] Got 1 sessions for ...
2025-10-30 19:03:21.303 [info] Getting sessions for read:user,repo,user:email,workflow...
2025-10-30 19:03:21.303 [info] Got 0 sessions for read:user,repo,user:email,workflow...
2025-10-30 19:03:21.410 [info] Getting sessions for user:email...
2025-10-30 19:03:21.410 [info] Got 1 sessions for user:email...
2025-10-30 19:03:21.410 [info] Getting sessions for read:user,repo,user:email,workflow...
2025-10-30 19:03:21.410 [info] Got 0 sessions for read:user,repo,user:email,workflow...
2025-10-30 19:03:21.546 [info] Getting sessions for read:user...
2025-10-30 19:03:21.546 [info] Got 0 sessions for read:user...
2025-10-30 19:03:21.546 [info] Getting sessions for all scopes...
2025-10-30 19:03:21.546 [info] Got 1 sessions for ...
2025-10-30 19:03:21.585 [info] Getting sessions for user:email...
2025-10-30 19:03:21.585 [info] Got 1 sessions for user:email...
2025-10-30 19:03:21.591 [info] Getting sessions for all scopes...
2025-10-30 19:03:21.591 [info] Got 1 sessions for ...
2025-10-30 19:03:21.592 [info] Getting sessions for read:user,repo,user:email,workflow...
2025-10-30 19:03:21.592 [info] Got 0 sessions for read:user,repo,user:email,workflow...
2025-10-30 19:03:21.743 [info] Getting sessions for user:email...
2025-10-30 19:03:21.743 [info] Got 1 sessions for user:email...
2025-10-30 19:03:22.168 [info] Getting sessions for all scopes...
2025-10-30 19:03:22.169 [info] Got 1 sessions for ...
2025-10-30 19:03:22.211 [info] Getting sessions for all scopes...
2025-10-30 19:03:22.211 [info] Got 1 sessions for ...
2025-10-30 19:03:22.225 [info] Getting sessions for read:user,repo,user:email,workflow...
2025-10-30 19:03:22.225 [info] Got 0 sessions for read:user,repo,user:email,workflow...
2025-10-30 19:03:22.229 [info] Getting sessions for user:email...
2025-10-30 19:03:22.229 [info] Got 1 sessions for user:email...
2025-10-30 19:03:22.230 [info] Getting sessions for read:user,repo,user:email,workflow...
2025-10-30 19:03:22.230 [info] Got 0 sessions for read:user,repo,user:email,workflow...
2025-10-30 19:03:31.021 [info] Getting sessions for all scopes...
2025-10-30 19:03:31.021 [info] Got 1 sessions for ...
2025-10-30 19:03:31.025 [info] Getting sessions for all scopes...
2025-10-30 19:03:31.025 [info] Got 1 sessions for ...
2025-10-30 19:03:31.031 [info] Getting sessions for read:user,repo,user:email,workflow...
2025-10-30 19:03:31.031 [info] Got 0 sessions for read:user,repo,user:email,workflow...
2025-10-30 19:03:31.032 [info] Getting sessions for user:email...
2025-10-30 19:03:31.032 [info] Got 1 sessions for user:email...
2025-10-30 19:03:31.033 [info] Getting sessions for read:user,repo,user:email,workflow...
2025-10-30 19:03:31.033 [info] Got 0 sessions for read:user,repo,user:email,workflow...
2025-10-30 19:03:31.037 [info] Getting sessions for all scopes...
2025-10-30 19:03:31.037 [info] Got 1 sessions for ...
2025-10-30 19:03:31.039 [info] Getting sessions for read:user,repo,user:email,workflow...
2025-10-30 19:03:31.039 [info] Got 0 sessions for read:user,repo,user:email,workflow...
2025-10-30 19:03:31.040 [info] Getting sessions for user:email...
2025-10-30 19:03:31.040 [info] Got 1 sessions for user:email...
2025-10-30 19:03:31.770 [info] Getting sessions for all scopes...
2025-10-30 19:03:31.770 [info] Got 1 sessions for ...
2025-10-30 19:28:39.738 [info] Getting sessions for all scopes...
2025-10-30 19:28:39.746 [info] Got 1 sessions for ...
2025-10-30 19:28:39.751 [info] Getting sessions for read:user,repo,user:email,workflow...
2025-10-30 19:28:39.751 [info] Got 0 sessions for read:user,repo,user:email,workflow...
2025-10-30 19:28:39.755 [info] Getting sessions for user:email...
2025-10-30 19:28:39.755 [info] Got 1 sessions for user:email...
2025-10-30 19:28:40.320 [info] Getting sessions for all scopes...
2025-10-30 19:28:40.320 [info] Got 1 sessions for ...
2025-10-30 19:28:40.321 [info] Getting sessions for all scopes...
2025-10-30 19:28:40.321 [info] Got 1 sessions for ...
2025-10-30 19:28:40.325 [info] Getting sessions for read:user,repo,user:email,workflow...
2025-10-30 19:28:40.325 [info] Got 0 sessions for read:user,repo,user:email,workflow...
2025-10-30 19:28:40.329 [info] Getting sessions for user:email...
2025-10-30 19:28:40.329 [info] Got 1 sessions for user:email...
2025-10-30 19:28:40.330 [info] Getting sessions for read:user,repo,user:email,workflow...
2025-10-30 19:28:40.330 [info] Got 0 sessions for read:user,repo,user:email,workflow...
2025-10-30 19:28:40.351 [info] Getting sessions for all scopes...
2025-10-30 19:28:40.351 [info] Got 1 sessions for ...
2025-10-30 19:28:40.356 [info] Getting sessions for all scopes...
2025-10-30 19:28:40.356 [info] Got 1 sessions for ...
2025-10-30 19:28:40.357 [info] Getting sessions for all scopes...
2025-10-30 19:28:40.357 [info] Got 1 sessions for ...
2025-10-30 19:28:40.362 [info] Getting sessions for read:user,repo,user:email,workflow...
2025-10-30 19:28:40.362 [info] Got 0 sessions for read:user,repo,user:email,workflow...
2025-10-30 19:28:40.366 [info] Getting sessions for read:user,repo,user:email,workflow...
2025-10-30 19:28:40.366 [info] Got 0 sessions for read:user,repo,user:email,workflow...
2025-10-30 19:28:40.370 [info] Getting sessions for all scopes...
2025-10-30 19:28:40.370 [info] Got 1 sessions for ...
2025-10-30 19:28:40.374 [info] Getting sessions for read:user,repo,user:email,workflow...
2025-10-30 19:28:40.374 [info] Got 0 sessions for read:user,repo,user:email,workflow...
2025-10-30 19:28:40.378 [info] Getting sessions for user:email...
2025-10-30 19:28:40.378 [info] Got 1 sessions for user:email...
2025-10-30 22:03:47.381 [info] Getting sessions for read:user,repo,user:email,workflow...
2025-10-30 22:03:47.381 [info] Got 0 sessions for read:user,repo,user:email,workflow...
2025-10-30 22:03:47.403 [info] Getting sessions for read:user...
2025-10-30 22:03:47.403 [info] Got 0 sessions for read:user...
2025-10-30 22:03:47.429 [info] Getting sessions for user:email...
2025-10-30 22:03:47.429 [info] Got 1 sessions for user:email...
