2025-10-30 19:02:51.195 [error] Conflict in settings file vscode-userdata:/home/mayur/.config/Code/User/settings.json: Ignoring terminal.integrated.fontLigatures.enabled as terminal.integrated.fontLigatures is true
2025-10-30 19:02:51.264 [info] update#setState idle
2025-10-30 19:03:11.409 [info] Extension host with pid 94843 exited with code: 0, signal: unknown.
2025-10-30 19:03:11.427 [error] [UtilityProcess id: 1, type: fileWatcher, pid: 94816]: crashed with code 15 and reason 'killed'
2025-10-30 19:03:21.265 [info] update#setState checking for updates
2025-10-30 19:03:21.332 [info] update#setState idle
2025-10-30 19:27:44.816 [error] Conflict in settings file vscode-userdata:/home/mayur/.config/Code/User/settings.json: Ignoring terminal.integrated.fontLigatures.enabled as terminal.integrated.fontLigatures is true
2025-10-30 19:27:44.916 [error] Conflict in settings file vscode-userdata:/home/mayur/.config/Code/User/settings.json: Ignoring terminal.integrated.fontLigatures.enabled as terminal.integrated.fontLigatures is true
2025-10-30 20:03:21.267 [info] update#setState checking for updates
2025-10-30 20:03:21.583 [info] update#setState idle
2025-10-30 20:54:26.144 [warning] No ptyHost heartbeat after 6 seconds
2025-10-30 21:14:00.065 [info] update#setState checking for updates
2025-10-30 21:14:00.400 [info] update#setState idle
2025-10-30 22:14:00.067 [info] update#setState checking for updates
2025-10-30 22:14:00.336 [info] update#setState idle
2025-10-30 23:14:00.071 [info] update#setState checking for updates
2025-10-30 23:14:00.236 [info] update#setState idle
2025-10-31 05:45:56.241 [warning] No ptyHost heartbeat after 6 seconds
2025-10-31 06:14:01.334 [info] update#setState checking for updates
2025-10-31 06:14:01.681 [info] update#setState idle
2025-10-31 07:03:25.669 [info] Extension host with pid 95768 exited with code: 0, signal: unknown.
