2025-10-28 19:53:38.857 [info] Reading sessions from keychain...
2025-10-28 19:53:38.857 [info] Getting sessions for all scopes...
2025-10-28 19:53:38.857 [info] Got 0 sessions for ...
2025-10-28 19:53:38.857 [info] Getting sessions for all scopes...
2025-10-28 19:53:38.857 [info] Got 0 sessions for ...
2025-10-28 19:53:38.857 [info] Getting sessions for all scopes...
2025-10-28 19:53:38.857 [info] Got 0 sessions for ...
2025-10-28 19:53:38.857 [info] Getting sessions for all scopes...
2025-10-28 19:53:38.857 [info] Got 0 sessions for ...
2025-10-28 19:53:38.857 [info] Getting sessions for all scopes...
2025-10-28 19:53:38.857 [info] Got 0 sessions for ...
2025-10-28 19:53:38.863 [info] Getting sessions for all scopes...
2025-10-28 19:53:38.863 [info] Got 0 sessions for ...
2025-10-28 19:53:38.864 [info] Getting sessions for all scopes...
2025-10-28 19:53:38.864 [info] Got 0 sessions for ...
2025-10-28 19:53:38.864 [info] Getting sessions for all scopes...
2025-10-28 19:53:38.864 [info] Got 0 sessions for ...
2025-10-28 19:53:38.864 [info] Getting sessions for all scopes...
2025-10-28 19:53:38.864 [info] Got 0 sessions for ...
2025-10-28 19:53:38.864 [info] Getting sessions for all scopes...
2025-10-28 19:53:38.864 [info] Got 0 sessions for ...
2025-10-28 19:53:38.868 [info] Getting sessions for all scopes...
2025-10-28 19:53:38.868 [info] Got 0 sessions for ...
2025-10-28 19:53:38.869 [info] Getting sessions for all scopes...
2025-10-28 19:53:38.869 [info] Got 0 sessions for ...
2025-10-28 19:53:38.869 [info] Getting sessions for all scopes...
2025-10-28 19:53:38.869 [info] Got 0 sessions for ...
2025-10-28 19:53:38.869 [info] Getting sessions for all scopes...
2025-10-28 19:53:38.869 [info] Got 0 sessions for ...
2025-10-28 19:53:38.869 [info] Getting sessions for all scopes...
2025-10-28 19:53:38.869 [info] Got 0 sessions for ...
2025-10-28 19:53:38.869 [info] Getting sessions for all scopes...
2025-10-28 19:53:38.869 [info] Got 0 sessions for ...
2025-10-28 19:53:40.452 [info] Getting sessions for all scopes...
2025-10-28 19:53:40.452 [info] Got 0 sessions for ...
2025-10-28 19:53:40.452 [info] Getting sessions for all scopes...
2025-10-28 19:53:40.452 [info] Got 0 sessions for ...
2025-10-28 19:53:40.453 [info] Getting sessions for all scopes...
2025-10-28 19:53:40.453 [info] Got 0 sessions for ...
2025-10-28 19:54:01.392 [info] Logging in with 'any' account...
2025-10-28 19:54:01.392 [info] Logging in for the following scopes: user:email
2025-10-28 19:54:01.461 [info] Trying with local server... (user:email)
2025-10-28 19:54:06.595 [info] Exchanging code for token...
2025-10-28 19:54:07.313 [info] Token exchange success!
2025-10-28 19:54:07.316 [info] Getting user info...
2025-10-28 19:54:07.778 [info] Got account info!
2025-10-28 19:54:07.779 [info] Storing 1 sessions...
2025-10-28 19:54:08.879 [info] FetcherService: Electron fetch failed with status: 429 
2025-10-28 19:54:09.898 [info] FetcherService: Node fetch failed with status: 429 Too Many Requests
2025-10-28 19:54:10.864 [info] FetcherService: Node http/s failed with status: 429 Too Many Requests
2025-10-28 19:54:15.350 [info] Reading sessions from keychain...
2025-10-28 19:54:15.350 [info] Stored 1 sessions!
2025-10-28 19:54:15.351 [info] Login success!
2025-10-28 19:54:15.351 [info] Getting sessions for all scopes...
2025-10-28 19:54:15.352 [info] Got stored sessions!
2025-10-28 19:54:15.352 [info] Got 1 verified sessions.
2025-10-28 19:54:15.352 [info] Got 1 sessions for ...
2025-10-28 19:54:15.352 [info] Getting sessions for all scopes...
2025-10-28 19:54:15.352 [info] Got 1 sessions for ...
2025-10-28 19:54:15.354 [info] Getting sessions for all scopes...
2025-10-28 19:54:15.354 [info] Got 1 sessions for ...
2025-10-28 19:54:29.030 [info] Getting sessions for all scopes...
2025-10-28 19:54:29.030 [info] Got 1 sessions for ...
2025-10-28 19:54:29.030 [info] Getting sessions for all scopes...
2025-10-28 19:54:29.030 [info] Got 1 sessions for ...
2025-10-28 19:54:29.520 [info] Getting sessions for read:user,repo,user:email,workflow...
2025-10-28 19:54:29.520 [info] Got 0 sessions for read:user,repo,user:email,workflow...
2025-10-28 19:54:29.523 [info] Getting sessions for all scopes...
2025-10-28 19:54:29.523 [info] Got 1 sessions for ...
2025-10-28 19:54:29.526 [info] Getting sessions for all scopes...
2025-10-28 19:54:29.526 [info] Got 1 sessions for ...
2025-10-28 19:54:29.527 [info] Getting sessions for read:user,repo,user:email,workflow...
2025-10-28 19:54:29.527 [info] Got 0 sessions for read:user,repo,user:email,workflow...
2025-10-28 19:54:29.529 [info] Getting sessions for user:email...
2025-10-28 19:54:29.529 [info] Got 1 sessions for user:email...
2025-10-28 19:54:29.529 [info] Getting sessions for read:user,repo,user:email,workflow...
2025-10-28 19:54:29.529 [info] Got 0 sessions for read:user,repo,user:email,workflow...
2025-10-28 19:54:29.531 [info] Getting sessions for all scopes...
2025-10-28 19:54:29.531 [info] Got 1 sessions for ...
2025-10-28 19:54:29.533 [info] Getting sessions for read:user...
2025-10-28 19:54:29.533 [info] Got 0 sessions for read:user...
2025-10-28 19:54:29.537 [info] Getting sessions for user:email...
2025-10-28 19:54:29.537 [info] Got 1 sessions for user:email...
2025-10-28 19:54:29.545 [info] Getting sessions for all scopes...
2025-10-28 19:54:29.545 [info] Got 1 sessions for ...
2025-10-28 19:54:29.695 [info] Getting sessions for read:user,repo,user:email,workflow...
2025-10-28 19:54:29.695 [info] Got 0 sessions for read:user,repo,user:email,workflow...
2025-10-28 19:54:29.699 [info] Getting sessions for all scopes...
2025-10-28 19:54:29.699 [info] Got 1 sessions for ...
2025-10-28 19:54:29.700 [info] Getting sessions for user:email...
2025-10-28 19:54:29.700 [info] Got 1 sessions for user:email...
2025-10-28 19:54:29.704 [info] Getting sessions for read:user,repo,user:email,workflow...
2025-10-28 19:54:29.704 [info] Got 0 sessions for read:user,repo,user:email,workflow...
2025-10-28 19:54:29.705 [info] Getting sessions for user:email...
2025-10-28 19:54:29.705 [info] Got 1 sessions for user:email...
2025-10-28 19:54:30.095 [info] Getting sessions for all scopes...
2025-10-28 19:54:30.095 [info] Got 1 sessions for ...
2025-10-28 19:54:30.095 [info] Getting sessions for all scopes...
2025-10-28 19:54:30.095 [info] Got 1 sessions for ...
2025-10-28 19:54:30.110 [info] Getting sessions for read:user,repo,user:email,workflow...
2025-10-28 19:54:30.110 [info] Got 0 sessions for read:user,repo,user:email,workflow...
2025-10-28 19:54:30.111 [info] Getting sessions for user:email...
2025-10-28 19:54:30.111 [info] Got 1 sessions for user:email...
2025-10-28 19:54:30.111 [info] Getting sessions for read:user,repo,user:email,workflow...
2025-10-28 19:54:30.111 [info] Got 0 sessions for read:user,repo,user:email,workflow...
2025-10-28 19:54:30.224 [info] Getting sessions for all scopes...
2025-10-28 19:54:30.224 [info] Got 1 sessions for ...
2025-10-28 19:54:30.229 [info] Getting sessions for all scopes...
2025-10-28 19:54:30.229 [info] Got 1 sessions for ...
2025-10-28 19:54:30.229 [info] Getting sessions for all scopes...
2025-10-28 19:54:30.230 [info] Got 1 sessions for ...
2025-10-28 19:54:30.239 [info] Getting sessions for all scopes...
2025-10-28 19:54:30.242 [info] Got 1 sessions for ...
2025-10-28 19:54:30.258 [info] Getting sessions for read:user,repo,user:email,workflow...
2025-10-28 19:54:30.258 [info] Got 0 sessions for read:user,repo,user:email,workflow...
2025-10-28 19:54:30.261 [info] Getting sessions for user:email...
2025-10-28 19:54:30.261 [info] Got 1 sessions for user:email...
2025-10-28 19:54:30.261 [info] Getting sessions for read:user,repo,user:email,workflow...
2025-10-28 19:54:30.261 [info] Got 0 sessions for read:user,repo,user:email,workflow...
2025-10-28 19:54:30.274 [info] Getting sessions for all scopes...
2025-10-28 19:54:30.274 [info] Got 1 sessions for ...
2025-10-28 19:54:30.295 [info] Getting sessions for read:user,repo,user:email,workflow...
2025-10-28 19:54:30.295 [info] Got 0 sessions for read:user,repo,user:email,workflow...
2025-10-28 19:54:30.296 [info] Getting sessions for user:email...
2025-10-28 19:54:30.297 [info] Got 1 sessions for user:email...
2025-10-28 19:54:32.397 [info] Getting sessions for all scopes...
2025-10-28 19:54:32.397 [info] Got 1 sessions for ...
2025-10-28 19:54:42.954 [info] Reading sessions from keychain...
2025-10-28 19:54:42.954 [info] Got stored sessions!
2025-10-28 19:54:42.954 [info] Got 1 verified sessions.
2025-10-28 19:54:42.954 [info] Getting sessions for all scopes...
2025-10-28 19:54:42.954 [info] Got 1 sessions for ...
2025-10-28 19:54:42.954 [info] Getting sessions for all scopes...
2025-10-28 19:54:42.954 [info] Got 1 sessions for ...
2025-10-28 19:54:42.954 [info] Getting sessions for all scopes...
2025-10-28 19:54:42.954 [info] Got 1 sessions for ...
2025-10-28 19:54:42.954 [info] Getting sessions for all scopes...
2025-10-28 19:54:42.954 [info] Got 1 sessions for ...
2025-10-28 19:54:42.954 [info] Getting sessions for all scopes...
2025-10-28 19:54:42.954 [info] Got 1 sessions for ...
2025-10-28 19:54:42.954 [info] Getting sessions for all scopes...
2025-10-28 19:54:42.954 [info] Got 1 sessions for ...
2025-10-28 19:54:42.954 [info] Getting sessions for all scopes...
2025-10-28 19:54:42.954 [info] Got 1 sessions for ...
2025-10-28 19:54:42.955 [info] Getting sessions for all scopes...
2025-10-28 19:54:42.955 [info] Got 1 sessions for ...
2025-10-28 19:54:42.955 [info] Getting sessions for all scopes...
2025-10-28 19:54:42.955 [info] Got 1 sessions for ...
2025-10-28 19:54:42.956 [info] Getting sessions for all scopes...
2025-10-28 19:54:42.956 [info] Got 1 sessions for ...
2025-10-28 19:54:42.956 [info] Getting sessions for all scopes...
2025-10-28 19:54:42.956 [info] Got 1 sessions for ...
2025-10-28 19:54:42.956 [info] Getting sessions for all scopes...
2025-10-28 19:54:42.956 [info] Got 1 sessions for ...
2025-10-28 19:54:42.956 [info] Getting sessions for all scopes...
2025-10-28 19:54:42.956 [info] Got 1 sessions for ...
2025-10-28 19:54:42.990 [info] Getting sessions for all scopes...
2025-10-28 19:54:42.991 [info] Got 1 sessions for ...
2025-10-28 19:54:43.338 [info] Getting sessions for all scopes...
2025-10-28 19:54:43.338 [info] Got 1 sessions for ...
2025-10-28 19:54:44.335 [info] FetcherService: Electron fetch failed with status: 429 
2025-10-28 19:54:44.498 [info] Getting sessions for all scopes...
2025-10-28 19:54:44.498 [info] Got 1 sessions for ...
2025-10-28 19:54:44.498 [info] Getting sessions for all scopes...
2025-10-28 19:54:44.498 [info] Got 1 sessions for ...
2025-10-28 19:54:44.505 [info] Getting sessions for all scopes...
2025-10-28 19:54:44.505 [info] Got 1 sessions for ...
2025-10-28 19:54:48.184 [info] FetcherService: Node fetch failed with status: 429 Too Many Requests
2025-10-28 19:54:48.332 [info] Getting sessions for all scopes...
2025-10-28 19:54:48.332 [info] Got 1 sessions for ...
2025-10-28 19:54:48.333 [info] Getting sessions for all scopes...
2025-10-28 19:54:48.333 [info] Got 1 sessions for ...
2025-10-28 19:54:48.534 [info] Getting sessions for read:user,repo,user:email,workflow...
2025-10-28 19:54:48.534 [info] Got 0 sessions for read:user,repo,user:email,workflow...
2025-10-28 19:54:48.825 [info] Getting sessions for all scopes...
2025-10-28 19:54:48.825 [info] Got 1 sessions for ...
2025-10-28 19:54:48.827 [info] Getting sessions for all scopes...
2025-10-28 19:54:48.827 [info] Got 1 sessions for ...
2025-10-28 19:54:48.836 [info] Getting sessions for read:user,repo,user:email,workflow...
2025-10-28 19:54:48.836 [info] Got 0 sessions for read:user,repo,user:email,workflow...
2025-10-28 19:54:48.837 [info] Getting sessions for user:email...
2025-10-28 19:54:48.837 [info] Got 1 sessions for user:email...
2025-10-28 19:54:48.837 [info] Getting sessions for read:user,repo,user:email,workflow...
2025-10-28 19:54:48.837 [info] Got 0 sessions for read:user,repo,user:email,workflow...
2025-10-28 19:54:48.857 [info] Getting sessions for read:user...
2025-10-28 19:54:48.857 [info] Got 0 sessions for read:user...
2025-10-28 19:54:48.860 [info] Getting sessions for all scopes...
2025-10-28 19:54:48.860 [info] Got 1 sessions for ...
2025-10-28 19:54:48.869 [info] Getting sessions for user:email...
2025-10-28 19:54:48.869 [info] Got 1 sessions for user:email...
2025-10-28 19:54:48.883 [info] Getting sessions for all scopes...
2025-10-28 19:54:48.883 [info] Got 1 sessions for ...
2025-10-28 19:54:49.082 [info] Getting sessions for read:user,repo,user:email,workflow...
2025-10-28 19:54:49.082 [info] Got 0 sessions for read:user,repo,user:email,workflow...
2025-10-28 19:54:49.083 [info] Getting sessions for user:email...
2025-10-28 19:54:49.083 [info] Got 1 sessions for user:email...
2025-10-28 19:54:49.320 [info] Getting sessions for all scopes...
2025-10-28 19:54:49.320 [info] Got 1 sessions for ...
2025-10-28 19:54:49.321 [info] Getting sessions for read:user,repo,user:email,workflow...
2025-10-28 19:54:49.321 [info] Got 0 sessions for read:user,repo,user:email,workflow...
2025-10-28 19:54:49.323 [info] Getting sessions for user:email...
2025-10-28 19:54:49.323 [info] Got 1 sessions for user:email...
2025-10-28 19:54:49.414 [info] FetcherService: Node http/s failed with status: 429 Too Many Requests
2025-10-28 19:54:49.523 [info] Getting sessions for all scopes...
2025-10-28 19:54:49.523 [info] Got 1 sessions for ...
2025-10-28 19:54:49.523 [info] Getting sessions for all scopes...
2025-10-28 19:54:49.523 [info] Got 1 sessions for ...
2025-10-28 19:54:49.536 [info] Getting sessions for read:user,repo,user:email,workflow...
2025-10-28 19:54:49.536 [info] Got 0 sessions for read:user,repo,user:email,workflow...
2025-10-28 19:54:49.537 [info] Getting sessions for user:email...
2025-10-28 19:54:49.537 [info] Got 1 sessions for user:email...
2025-10-28 19:54:49.537 [info] Getting sessions for read:user,repo,user:email,workflow...
2025-10-28 19:54:49.537 [info] Got 0 sessions for read:user,repo,user:email,workflow...
2025-10-28 19:54:49.611 [info] Getting sessions for all scopes...
2025-10-28 19:54:49.612 [info] Got 1 sessions for ...
2025-10-28 19:54:49.613 [info] Getting sessions for all scopes...
2025-10-28 19:54:49.613 [info] Got 1 sessions for ...
2025-10-28 19:54:49.618 [info] Getting sessions for all scopes...
2025-10-28 19:54:49.618 [info] Got 1 sessions for ...
2025-10-28 19:54:49.621 [info] Getting sessions for all scopes...
2025-10-28 19:54:49.621 [info] Got 1 sessions for ...
2025-10-28 19:54:49.625 [info] Getting sessions for read:user,repo,user:email,workflow...
2025-10-28 19:54:49.625 [info] Got 0 sessions for read:user,repo,user:email,workflow...
2025-10-28 19:54:49.626 [info] Getting sessions for user:email...
2025-10-28 19:54:49.626 [info] Got 1 sessions for user:email...
2025-10-28 19:54:49.626 [info] Getting sessions for read:user,repo,user:email,workflow...
2025-10-28 19:54:49.626 [info] Got 0 sessions for read:user,repo,user:email,workflow...
2025-10-28 19:54:49.629 [info] Getting sessions for all scopes...
2025-10-28 19:54:49.629 [info] Got 1 sessions for ...
2025-10-28 19:54:49.636 [info] Getting sessions for read:user,repo,user:email,workflow...
2025-10-28 19:54:49.636 [info] Got 0 sessions for read:user,repo,user:email,workflow...
2025-10-28 19:54:49.637 [info] Getting sessions for user:email...
2025-10-28 19:54:49.637 [info] Got 1 sessions for user:email...
2025-10-28 19:54:50.151 [info] Getting sessions for all scopes...
2025-10-28 19:54:50.151 [info] Got 1 sessions for ...
2025-10-28 19:55:05.453 [info] Getting sessions for read:user,repo,user:email,workflow...
2025-10-28 19:55:05.453 [info] Got 0 sessions for read:user,repo,user:email,workflow...
